

Starting up. 22:49.23
---------------------

[22:49:26] ADMIN: Loading jobban_rank
[22:49:26] ADMIN: Jobban_keylist was empty
[22:49:26] ADMIN: Updating jobbanfile!
[22:49:26] ADMIN: Loading oocban_rank
[22:49:26] ADMIN: oocban_keylist was empty
[22:49:26] ADMIN: Updating jobbanfile!
ADMIN: slurm = Host
ADMIN: gibbed = Host
ADMIN: stuntwaffle = Host
ADMIN: pantaloons = Host
ADMIN: darsant = Host
ADMIN: nannek = Host
ADMIN: exadv1 = Coder
ADMIN: 0staf = Coder
ADMIN: justicefries = Coder
ADMIN: eroticdad = Coder
ADMIN: angriestibm = Coder
ADMIN: hobnob = Coder
ADMIN: enallyniv = Coder
ADMIN: lallander = Coder
ADMIN: keelin = Coder
ADMIN: brianoblivion = Coder
ADMIN: arthurmuggins = Coder
ADMIN: isaidno = Coder
ADMIN: mport2004 = Coder
ADMIN: burntcornmuffin = Coder
ADMIN: ishallriseagain = Coder
ADMIN: lljkmosheninkov = Coder
ADMIN: dropsy = Coder
ADMIN: procitizensa = Coder
ADMIN: drmelon = Coder
ADMIN: halerina = Coder
ADMIN: pacra = Coder
ADMIN: jackmassacre = Coder
ADMIN: jackbox = Coder
ADMIN: infinitemonkeys = Coder
ADMIN: aphtonites = Coder
ADMIN: volundr = Coder
ADMIN: wirewraith = Coder
ADMIN: tobba = Coder
ADMIN: marquesas = Coder
ADMIN: hainesa = Coder
ADMIN: tom = Coder
ADMIN: herrspyguy = Coder
ADMIN: daeren = Coder
ADMIN: conor12 = Coder
ADMIN: convair880 = Coder
[22:49:41] ACCESS: Login: Burten Muffigur from 127.0.0.1
[22:52:42] ACCESS: Login: Gabriel Butterfill (Burten Muffigur) [TRAITOR] from 127.0.0.1
[22:55:08] SAY: Father Jack (NPC) : ARSE!
[22:55:50] SAY: Father Jack (NPC) : DRINK!
[22:56:33] SAY: Shitty Bill (NPC) : Hey brud, gimme yer jet.
[22:56:38] SAY: Shitty Bill (NPC) : Got any bees?
[22:57:06] SAY: Shitty Bill (NPC) : You a narc?
[22:57:20] SAY: Shitty Bill (NPC) : I think my homebros are running late.
[22:57:39] SAY: Shitty Bill (NPC) : I ever tell you 'bout the time I found an alien thing that got you high?
[22:58:10] SAY: Shitty Bill (NPC) : Man, I sure miss bein' a clown.
[22:58:36] SAY: Shitty Bill (NPC) : You a robot?
[22:58:48] SAY: Father Jack (NPC) : ARSE!
[22:58:53] SAY: Shitty Bill (NPC) : What the hell are you lookin' at, bro?


Starting up. 23:09.15
---------------------

[23:09:19] ADMIN: Loading jobban_rank
[23:09:19] ADMIN: Jobban_keylist was empty
[23:09:19] ADMIN: Updating jobbanfile!
[23:09:20] ADMIN: Loading oocban_rank
[23:09:20] ADMIN: oocban_keylist was empty
[23:09:20] ADMIN: Updating jobbanfile!
ADMIN: slurm = Host
ADMIN: gibbed = Host
ADMIN: stuntwaffle = Host
ADMIN: pantaloons = Host
ADMIN: darsant = Host
ADMIN: nannek = Host
ADMIN: exadv1 = Coder
ADMIN: 0staf = Coder
ADMIN: justicefries = Coder
ADMIN: eroticdad = Coder
ADMIN: angriestibm = Coder
ADMIN: hobnob = Coder
ADMIN: enallyniv = Coder
ADMIN: lallander = Coder
ADMIN: keelin = Coder
ADMIN: brianoblivion = Coder
ADMIN: arthurmuggins = Coder
ADMIN: isaidno = Coder
ADMIN: mport2004 = Coder
ADMIN: burntcornmuffin = Coder
ADMIN: ishallriseagain = Coder
ADMIN: lljkmosheninkov = Coder
ADMIN: dropsy = Coder
ADMIN: procitizensa = Coder
ADMIN: drmelon = Coder
ADMIN: halerina = Coder
ADMIN: pacra = Coder
ADMIN: jackmassacre = Coder
ADMIN: jackbox = Coder
ADMIN: infinitemonkeys = Coder
ADMIN: aphtonites = Coder
ADMIN: volundr = Coder
ADMIN: wirewraith = Coder
ADMIN: tobba = Coder
ADMIN: marquesas = Coder
ADMIN: hainesa = Coder
ADMIN: tom = Coder
ADMIN: herrspyguy = Coder
ADMIN: daeren = Coder
ADMIN: conor12 = Coder
ADMIN: convair880 = Coder
[23:09:38] ACCESS: Login: Burten Muffigur from 
[23:12:48] ACCESS: Login: Woody Kemerer (Burten Muffigur) [TRAITOR] from 
[23:13:22] SAY: Father Jack (NPC) : That would be an ecumenical matter.
[23:13:24] SAY: Shitty Bill (NPC) : Nice wheels, kid.
[23:14:15] SAY: Shitty Bill (NPC) : I ever tell you 'bout the time I caught gibbis?
[23:14:41] SAY: Shitty Bill (NPC) : Man, I sure miss Sirius.
[23:15:31] SAY: Father Jack (NPC) : DRINK!
[23:15:33] SAY: Shitty Bill (NPC) : Got a light, nerd?
[23:16:25] SAY: Father Jack (NPC) : GIRLS!
[23:16:32] SAY: Shitty Bill (NPC) : Got a light, clown?
[23:16:34] SAY: Shitty Bill (NPC) : Whatcha you lookin' at, pal?


Starting up. 23:36.47
---------------------

[23:36:50] ADMIN: Loading jobban_rank
[23:36:50] ADMIN: Jobban_keylist was empty
[23:36:50] ADMIN: Updating jobbanfile!
[23:36:51] ADMIN: Loading oocban_rank
[23:36:51] ADMIN: oocban_keylist was empty
[23:36:51] ADMIN: Updating jobbanfile!
ADMIN: slurm = Host
ADMIN: gibbed = Host
ADMIN: stuntwaffle = Host
ADMIN: pantaloons = Host
ADMIN: darsant = Host
ADMIN: nannek = Host
ADMIN: exadv1 = Coder
ADMIN: 0staf = Coder
ADMIN: justicefries = Coder
ADMIN: eroticdad = Coder
ADMIN: angriestibm = Coder
ADMIN: hobnob = Coder
ADMIN: enallyniv = Coder
ADMIN: lallander = Coder
ADMIN: keelin = Coder
ADMIN: brianoblivion = Coder
ADMIN: arthurmuggins = Coder
ADMIN: isaidno = Coder
ADMIN: mport2004 = Coder
ADMIN: burntcornmuffin = Coder
ADMIN: ishallriseagain = Coder
ADMIN: lljkmosheninkov = Coder
ADMIN: dropsy = Coder
ADMIN: procitizensa = Coder
ADMIN: drmelon = Coder
ADMIN: halerina = Coder
ADMIN: pacra = Coder
ADMIN: jackmassacre = Coder
ADMIN: jackbox = Coder
ADMIN: infinitemonkeys = Coder
ADMIN: aphtonites = Coder
ADMIN: volundr = Coder
ADMIN: wirewraith = Coder
ADMIN: tobba = Coder
ADMIN: marquesas = Coder
ADMIN: hainesa = Coder
ADMIN: tom = Coder
ADMIN: herrspyguy = Coder
ADMIN: daeren = Coder
ADMIN: conor12 = Coder
ADMIN: convair880 = Coder
[23:36:53] ACCESS: Login: Burten Muffigur from 
[23:40:06] ACCESS: Login: Hampus Candles (Burten Muffigur) [TRAITOR] from 
[23:41:14] SAY: Father Jack (NPC) : DRINK!
[23:44:55] SAY: Father Jack (NPC) : ARSE!
[23:46:00] SAY: Shitty Bill (NPC) : Hey buddy, gimme yer jet.
[23:46:19] SAY: Shitty Bill (NPC) : You a nerd?
[23:46:31] SAY: Shitty Bill (NPC) : Hey Father Jack.
[23:47:31] SAY: Shitty Bill (NPC) : Man, I sure don't miss bein' a wizard.
[23:48:12] SAY: Shitty Bill (NPC) : What up Father Jack.
[23:48:19] SAY: Shitty Bill (NPC) : I ever tell you 'bout how I ended up here?
[23:48:21] SAY: Shitty Bill (NPC) : I think my bros stole my hat.
[23:48:31] ACCESS: Login: Hampus Candles (Burten Muffigur) [TRAITOR] [DEAD] from 
[23:48:42] SAY: Shitty Bill (NPC) : You a cop?
[23:49:15] SAY: Shitty Bill (NPC) : Hey brud, gimme yer card.


Starting up. 23:55.18
---------------------

[23:55:21] ADMIN: Loading jobban_rank
[23:55:21] ADMIN: Jobban_keylist was empty
[23:55:21] ADMIN: Updating jobbanfile!
[23:55:21] ADMIN: Loading oocban_rank
[23:55:21] ADMIN: oocban_keylist was empty
[23:55:21] ADMIN: Updating jobbanfile!
ADMIN: slurm = Host
ADMIN: gibbed = Host
ADMIN: stuntwaffle = Host
ADMIN: pantaloons = Host
ADMIN: darsant = Host
ADMIN: nannek = Host
ADMIN: exadv1 = Coder
ADMIN: 0staf = Coder
ADMIN: justicefries = Coder
ADMIN: eroticdad = Coder
ADMIN: angriestibm = Coder
ADMIN: hobnob = Coder
ADMIN: enallyniv = Coder
ADMIN: lallander = Coder
ADMIN: keelin = Coder
ADMIN: brianoblivion = Coder
ADMIN: arthurmuggins = Coder
ADMIN: isaidno = Coder
ADMIN: mport2004 = Coder
ADMIN: burntcornmuffin = Coder
ADMIN: ishallriseagain = Coder
ADMIN: lljkmosheninkov = Coder
ADMIN: dropsy = Coder
ADMIN: procitizensa = Coder
ADMIN: drmelon = Coder
ADMIN: halerina = Coder
ADMIN: pacra = Coder
ADMIN: jackmassacre = Coder
ADMIN: jackbox = Coder
ADMIN: infinitemonkeys = Coder
ADMIN: aphtonites = Coder
ADMIN: volundr = Coder
ADMIN: wirewraith = Coder
ADMIN: tobba = Coder
ADMIN: marquesas = Coder
ADMIN: hainesa = Coder
ADMIN: tom = Coder
ADMIN: herrspyguy = Coder
ADMIN: daeren = Coder
ADMIN: conor12 = Coder
ADMIN: convair880 = Coder
[23:55:30] ACCESS: Login: Burten Muffigur from 127.0.0.1
[23:58:38] ACCESS: Login: Hampus Candles (Burten Muffigur) [TRAITOR] from 127.0.0.1
[23:59:12] SAY: Shitty Bill (NPC) : I ever tell you 'bout that time I went spelunking?
[23:59:23] SAY: Shitty Bill (NPC) : Hello Donald "Don" Glabs.
[23:59:48] SAY: Shitty Bill (NPC) : Nice face, bud.
[00:00:02] SAY: Shitty Bill (NPC) : Got a light, bucko?
[00:00:33] SAY: Shitty Bill (NPC) : Man, I sure miss my bees.
[00:00:47] SAY: Shitty Bill (NPC) : Nice face, bro.
[00:02:07] SAY: Shitty Bill (NPC) : I think my associates sent you.
[00:02:31] SAY: Shitty Bill (NPC) : I think my bruds took off.
[00:03:26] SAY: Father Jack (NPC) : FECK!
[00:03:35] SAY: Shitty Bill (NPC) : Nice name, flyboy.
[00:04:38] SAY: Shitty Bill (NPC) : Got a light, flyboy?
[00:05:13] SAY: Shitty Bill (NPC) : You a wizman?
[00:07:07] SAY: Shitty Bill (NPC) : I think my homebros died in space.
