

Starting up. 00:50.42
---------------------

[00:50:45] ADMIN: Loading jobban_rank
[00:50:45] ADMIN: Jobban_keylist was empty
[00:50:45] ADMIN: Updating jobbanfile!
[00:50:45] ADMIN: Loading oocban_rank
[00:50:45] ADMIN: oocban_keylist was empty
[00:50:45] ADMIN: Updating jobbanfile!
ADMIN: slurm = Host
ADMIN: gibbed = Host
ADMIN: stuntwaffle = Host
ADMIN: pantaloons = Host
ADMIN: darsant = Host
ADMIN: nannek = Host
ADMIN: exadv1 = Coder
ADMIN: 0staf = Coder
ADMIN: justicefries = Coder
ADMIN: eroticdad = Coder
ADMIN: angriestibm = Coder
ADMIN: hobnob = Coder
ADMIN: enallyniv = Coder
ADMIN: lallander = Coder
ADMIN: keelin = Coder
ADMIN: brianoblivion = Coder
ADMIN: arthurmuggins = Coder
ADMIN: isaidno = Coder
ADMIN: mport2004 = Coder
ADMIN: burntcornmuffin = Coder
ADMIN: ishallriseagain = Coder
ADMIN: lljkmosheninkov = Coder
ADMIN: dropsy = Coder
ADMIN: procitizensa = Coder
ADMIN: drmelon = Coder
ADMIN: halerina = Coder
ADMIN: pacra = Coder
ADMIN: jackmassacre = Coder
ADMIN: jackbox = Coder
ADMIN: infinitemonkeys = Coder
ADMIN: aphtonites = Coder
ADMIN: volundr = Coder
ADMIN: wirewraith = Coder
ADMIN: tobba = Coder
ADMIN: marquesas = Coder
ADMIN: hainesa = Coder
ADMIN: tom = Coder
ADMIN: herrspyguy = Coder
ADMIN: daeren = Coder
ADMIN: conor12 = Coder
ADMIN: convair880 = Coder
[00:50:54] ACCESS: Login: Burten Muffigur from 127.0.0.1
[00:54:02] ACCESS: Login: Hampus Candles (Burten Muffigur) [TRAITOR] from 127.0.0.1
[00:55:03] SAY: Father Jack (NPC) : ARSE!
[00:55:12] SAY: Shitty Bill (NPC) : Got a light, bro?
[00:55:26] SAY: Shitty Bill (NPC) : Whatcha you lookin' at, dude?
[00:55:59] SAY: Shitty Bill (NPC) : Oh Christ, it's Donald "Don" Glabs.
[00:56:10] SAY: Shitty Bill (NPC) : Got any cigs?
[00:56:39] SAY: Shitty Bill (NPC) : I think my pals sent you.


Starting up. 01:09.09
---------------------

[01:09:12] ADMIN: Loading jobban_rank
[01:09:12] ADMIN: Jobban_keylist was empty
[01:09:12] ADMIN: Updating jobbanfile!
[01:09:12] ADMIN: Loading oocban_rank
[01:09:12] ADMIN: oocban_keylist was empty
[01:09:12] ADMIN: Updating jobbanfile!
ADMIN: slurm = Host
ADMIN: gibbed = Host
ADMIN: stuntwaffle = Host
ADMIN: pantaloons = Host
ADMIN: darsant = Host
ADMIN: nannek = Host
ADMIN: exadv1 = Coder
ADMIN: 0staf = Coder
ADMIN: justicefries = Coder
ADMIN: eroticdad = Coder
ADMIN: angriestibm = Coder
ADMIN: hobnob = Coder
ADMIN: enallyniv = Coder
ADMIN: lallander = Coder
ADMIN: keelin = Coder
ADMIN: brianoblivion = Coder
ADMIN: arthurmuggins = Coder
ADMIN: isaidno = Coder
ADMIN: mport2004 = Coder
ADMIN: burntcornmuffin = Coder
ADMIN: ishallriseagain = Coder
ADMIN: lljkmosheninkov = Coder
ADMIN: dropsy = Coder
ADMIN: procitizensa = Coder
ADMIN: drmelon = Coder
ADMIN: halerina = Coder
ADMIN: pacra = Coder
ADMIN: jackmassacre = Coder
ADMIN: jackbox = Coder
ADMIN: infinitemonkeys = Coder
ADMIN: aphtonites = Coder
ADMIN: volundr = Coder
ADMIN: wirewraith = Coder
ADMIN: tobba = Coder
ADMIN: marquesas = Coder
ADMIN: hainesa = Coder
ADMIN: tom = Coder
ADMIN: herrspyguy = Coder
ADMIN: daeren = Coder
ADMIN: conor12 = Coder
ADMIN: convair880 = Coder
[01:12:56] ACCESS: Login: Burten Muffigur from 127.0.0.1
[01:15:58] ACCESS: Login: Hampus Candles (Burten Muffigur) [TRAITOR] from 127.0.0.1
[01:16:13] SAY: Shitty Bill (NPC) : I think my crew died in space.
[01:17:09] SAY: Shitty Bill (NPC) : Whatcha you lookin' at, chump?
[01:18:08] SAY: Shitty Bill (NPC) : Man, I sure miss that long station.
[01:18:18] SAY: Shitty Bill (NPC) : I think my bros stole my hat.
[01:18:43] SAY: Shitty Bill (NPC) : Got a light, weirdo?
[01:19:11] SAY: Shitty Bill (NPC) : Nice pod, astronaut.
[01:19:54] SAY: Shitty Bill (NPC) : Nice burner, scrub.
[01:19:59] SAY: Shitty Bill (NPC) : Man, I sure miss Luna.
[01:20:25] SAY: Shitty Bill (NPC) : You a beardo?
[01:21:16] SAY: Shitty Bill (NPC) : Got any smokes?
[01:21:19] SAY: Shitty Bill (NPC) : You rhyme?
[01:21:36] SAY: Shitty Bill (NPC) : You dance?
[01:21:38] SAY: Shitty Bill (NPC) : You smoke?
[01:21:45] SAY: Shitty Bill (NPC) : Got a light, flyboy?
[01:22:23] SAY: Father Jack (NPC) : That would be an ecumenical matter.
[01:22:34] SAY: Shitty Bill (NPC) : What you lookin' at, idiot?
[01:22:46] SAY: Shitty Bill (NPC) : I ever tell you 'bout the time I caught gibbis?
[01:23:03] SAY: Shitty Bill (NPC) : I think my crew forgot about me.
[01:24:39] SAY: Father Jack (NPC) : That would be an ecumenical matter.


Starting up. 01:29.48
---------------------

[01:29:51] ADMIN: Loading jobban_rank
[01:29:51] ADMIN: Jobban_keylist was empty
[01:29:51] ADMIN: Updating jobbanfile!
[01:29:51] ADMIN: Loading oocban_rank
[01:29:51] ADMIN: oocban_keylist was empty
[01:29:51] ADMIN: Updating jobbanfile!
ADMIN: slurm = Host
ADMIN: gibbed = Host
ADMIN: stuntwaffle = Host
ADMIN: pantaloons = Host
ADMIN: darsant = Host
ADMIN: nannek = Host
ADMIN: exadv1 = Coder
ADMIN: 0staf = Coder
ADMIN: justicefries = Coder
ADMIN: eroticdad = Coder
ADMIN: angriestibm = Coder
ADMIN: hobnob = Coder
ADMIN: enallyniv = Coder
ADMIN: lallander = Coder
ADMIN: keelin = Coder
ADMIN: brianoblivion = Coder
ADMIN: arthurmuggins = Coder
ADMIN: isaidno = Coder
ADMIN: mport2004 = Coder
ADMIN: burntcornmuffin = Coder
ADMIN: ishallriseagain = Coder
ADMIN: lljkmosheninkov = Coder
ADMIN: dropsy = Coder
ADMIN: procitizensa = Coder
ADMIN: drmelon = Coder
ADMIN: halerina = Coder
ADMIN: pacra = Coder
ADMIN: jackmassacre = Coder
ADMIN: jackbox = Coder
ADMIN: infinitemonkeys = Coder
ADMIN: aphtonites = Coder
ADMIN: volundr = Coder
ADMIN: wirewraith = Coder
ADMIN: tobba = Coder
ADMIN: marquesas = Coder
ADMIN: hainesa = Coder
ADMIN: tom = Coder
ADMIN: herrspyguy = Coder
ADMIN: daeren = Coder
ADMIN: conor12 = Coder
ADMIN: convair880 = Coder
[01:30:01] ACCESS: Login: Burten Muffigur from 127.0.0.1
[01:33:09] ACCESS: Login: Hampus Candles (Burten Muffigur) [TRAITOR] from 127.0.0.1
[01:33:38] SAY: Father Jack (NPC) : GIRLS!
[01:34:10] SAY: Shitty Bill (NPC) : Hey dweeb, gimme yer cats.
[01:36:19] SAY: Shitty Bill (NPC) : Whoa, it's Father Jack.
[01:36:55] SAY: Shitty Bill (NPC) : I think my homies are running late.
[01:36:57] SAY: Shitty Bill (NPC) : Hey friendo, gimme yer cash.


Starting up. 11:08.23
---------------------

[11:08:26] ADMIN: Loading jobban_rank
[11:08:26] ADMIN: Jobban_keylist was empty
[11:08:26] ADMIN: Updating jobbanfile!
[11:08:26] ADMIN: Loading oocban_rank
[11:08:26] ADMIN: oocban_keylist was empty
[11:08:26] ADMIN: Updating jobbanfile!
ADMIN: slurm = Host
ADMIN: gibbed = Host
ADMIN: stuntwaffle = Host
ADMIN: pantaloons = Host
ADMIN: darsant = Host
ADMIN: nannek = Host
ADMIN: exadv1 = Coder
ADMIN: 0staf = Coder
ADMIN: justicefries = Coder
ADMIN: eroticdad = Coder
ADMIN: angriestibm = Coder
ADMIN: hobnob = Coder
ADMIN: enallyniv = Coder
ADMIN: lallander = Coder
ADMIN: keelin = Coder
ADMIN: brianoblivion = Coder
ADMIN: arthurmuggins = Coder
ADMIN: isaidno = Coder
ADMIN: mport2004 = Coder
ADMIN: burntcornmuffin = Coder
ADMIN: ishallriseagain = Coder
ADMIN: lljkmosheninkov = Coder
ADMIN: dropsy = Coder
ADMIN: procitizensa = Coder
ADMIN: drmelon = Coder
ADMIN: halerina = Coder
ADMIN: pacra = Coder
ADMIN: jackmassacre = Coder
ADMIN: jackbox = Coder
ADMIN: infinitemonkeys = Coder
ADMIN: aphtonites = Coder
ADMIN: volundr = Coder
ADMIN: wirewraith = Coder
ADMIN: tobba = Coder
ADMIN: marquesas = Coder
ADMIN: hainesa = Coder
ADMIN: tom = Coder
ADMIN: herrspyguy = Coder
ADMIN: daeren = Coder
ADMIN: conor12 = Coder
ADMIN: convair880 = Coder
[11:09:01] ACCESS: Login: Burten Muffigur from 127.0.0.1


Starting up. 11:12.20
---------------------

[11:12:23] ADMIN: Loading jobban_rank
[11:12:23] ADMIN: Jobban_keylist was empty
[11:12:23] ADMIN: Updating jobbanfile!
[11:12:23] ADMIN: Loading oocban_rank
[11:12:23] ADMIN: oocban_keylist was empty
[11:12:23] ADMIN: Updating jobbanfile!
ADMIN: slurm = Host
ADMIN: gibbed = Host
ADMIN: stuntwaffle = Host
ADMIN: pantaloons = Host
ADMIN: darsant = Host
ADMIN: nannek = Host
ADMIN: exadv1 = Coder
ADMIN: 0staf = Coder
ADMIN: justicefries = Coder
ADMIN: eroticdad = Coder
ADMIN: angriestibm = Coder
ADMIN: hobnob = Coder
ADMIN: enallyniv = Coder
ADMIN: lallander = Coder
ADMIN: keelin = Coder
ADMIN: brianoblivion = Coder
ADMIN: arthurmuggins = Coder
ADMIN: isaidno = Coder
ADMIN: mport2004 = Coder
ADMIN: burntcornmuffin = Coder
ADMIN: ishallriseagain = Coder
ADMIN: lljkmosheninkov = Coder
ADMIN: dropsy = Coder
ADMIN: procitizensa = Coder
ADMIN: drmelon = Coder
ADMIN: halerina = Coder
ADMIN: pacra = Coder
ADMIN: jackmassacre = Coder
ADMIN: jackbox = Coder
ADMIN: infinitemonkeys = Coder
ADMIN: aphtonites = Coder
ADMIN: volundr = Coder
ADMIN: wirewraith = Coder
ADMIN: tobba = Coder
ADMIN: marquesas = Coder
ADMIN: hainesa = Coder
ADMIN: tom = Coder
ADMIN: herrspyguy = Coder
ADMIN: daeren = Coder
ADMIN: conor12 = Coder
ADMIN: convair880 = Coder
[11:12:38] ACCESS: Login: Burten Muffigur from 127.0.0.1
[11:12:47] ACCESS: Login: Burten Muffigur from 127.0.0.1
[11:15:43] ACCESS: Login: Hampus Candles (Burten Muffigur) [TRAITOR] from 127.0.0.1
[11:16:00] SAY: Shitty Bill (NPC) : Whoa, it's Donald "Don" Glabs.
[11:16:09] SAY: Shitty Bill (NPC) : You dance?
[11:17:22] SAY: Shitty Bill (NPC) : You smoke?
[11:18:19] SAY: Shitty Bill (NPC) : Nice wheels, nerd.
[11:18:33] SAY: Shitty Bill (NPC) : Man, I sure don't miss Centcom.
[11:19:12] SAY: Shitty Bill (NPC) : I think my homebros got lost on the way here.
[11:20:23] SAY: Shitty Bill (NPC) : What the hell are you lookin' at, dude?
[11:21:34] SAY: Shitty Bill (NPC) : I ever tell you 'bout the time I sold dope to that ice dude?
[11:21:41] SAY: Shitty Bill (NPC) : What're you lookin' at, weirdo?


Starting up. 11:35.26
---------------------

[11:35:29] ADMIN: Loading jobban_rank
[11:35:29] ADMIN: Jobban_keylist was empty
[11:35:29] ADMIN: Updating jobbanfile!
[11:35:29] ADMIN: Loading oocban_rank
[11:35:29] ADMIN: oocban_keylist was empty
[11:35:29] ADMIN: Updating jobbanfile!
ADMIN: slurm = Host
ADMIN: gibbed = Host
ADMIN: stuntwaffle = Host
ADMIN: pantaloons = Host
ADMIN: darsant = Host
ADMIN: nannek = Host
ADMIN: exadv1 = Coder
ADMIN: 0staf = Coder
ADMIN: justicefries = Coder
ADMIN: eroticdad = Coder
ADMIN: angriestibm = Coder
ADMIN: hobnob = Coder
ADMIN: enallyniv = Coder
ADMIN: lallander = Coder
ADMIN: keelin = Coder
ADMIN: brianoblivion = Coder
ADMIN: arthurmuggins = Coder
ADMIN: isaidno = Coder
ADMIN: mport2004 = Coder
ADMIN: burntcornmuffin = Coder
ADMIN: ishallriseagain = Coder
ADMIN: lljkmosheninkov = Coder
ADMIN: dropsy = Coder
ADMIN: procitizensa = Coder
ADMIN: drmelon = Coder
ADMIN: halerina = Coder
ADMIN: pacra = Coder
ADMIN: jackmassacre = Coder
ADMIN: jackbox = Coder
ADMIN: infinitemonkeys = Coder
ADMIN: aphtonites = Coder
ADMIN: volundr = Coder
ADMIN: wirewraith = Coder
ADMIN: tobba = Coder
ADMIN: marquesas = Coder
ADMIN: hainesa = Coder
ADMIN: tom = Coder
ADMIN: herrspyguy = Coder
ADMIN: daeren = Coder
ADMIN: conor12 = Coder
ADMIN: convair880 = Coder
[11:35:45] ACCESS: Login: Burten Muffigur from 127.0.0.1
[11:38:45] ACCESS: Login: Hampus Candles (Burten Muffigur) [TRAITOR] from 127.0.0.1
[11:38:47] SAY: Father Jack (NPC) : GIRLS!
[11:38:56] SAY: Shitty Bill (NPC) : Got any hyper?
[11:39:12] SAY: Shitty Bill (NPC) : Nice burner, Colonel.
[11:39:42] SAY: Shitty Bill (NPC) : I think my associates got eaten.
[11:40:15] SAY: Shitty Bill (NPC) : I think my homies died in space.
[11:40:56] SAY: Shitty Bill (NPC) : Got any argine?
[11:41:31] SAY: Shitty Bill (NPC) : I ever tell you 'bout the time I was a clown?
[11:42:06] SAY: Shitty Bill (NPC) : I think my buds got eaten.
[11:42:14] SAY: Shitty Bill (NPC) : Man, I sure don't miss those damn ghosts.
[11:42:23] SAY: Shitty Bill (NPC) : What you lookin' at, astronaut?
[11:42:30] SAY: Shitty Bill (NPC) : Got any sweders?
[11:42:49] SAY: Shitty Bill (NPC) : I ever tell you 'bout lost Carcosa?
[11:43:45] SAY: Father Jack (NPC) : That would be an ecumenical matter.
[11:43:54] SAY: Shitty Bill (NPC) : Hey, gimme yer cash.
[11:43:56] SAY: Shitty Bill (NPC) : Hey brud, gimme yer patch.
[11:46:06] SAY: Shitty Bill (NPC) : Got any smokes?


Starting up. 12:24.13
---------------------

[12:24:17] ADMIN: Loading jobban_rank
[12:24:17] ADMIN: Jobban_keylist was empty
[12:24:17] ADMIN: Updating jobbanfile!
[12:24:17] ADMIN: Loading oocban_rank
[12:24:17] ADMIN: oocban_keylist was empty
[12:24:17] ADMIN: Updating jobbanfile!
ADMIN: slurm = Host
ADMIN: gibbed = Host
ADMIN: stuntwaffle = Host
ADMIN: pantaloons = Host
ADMIN: darsant = Host
ADMIN: nannek = Host
ADMIN: exadv1 = Coder
ADMIN: 0staf = Coder
ADMIN: justicefries = Coder
ADMIN: eroticdad = Coder
ADMIN: angriestibm = Coder
ADMIN: hobnob = Coder
ADMIN: enallyniv = Coder
ADMIN: lallander = Coder
ADMIN: keelin = Coder
ADMIN: brianoblivion = Coder
ADMIN: arthurmuggins = Coder
ADMIN: isaidno = Coder
ADMIN: mport2004 = Coder
ADMIN: burntcornmuffin = Coder
ADMIN: ishallriseagain = Coder
ADMIN: lljkmosheninkov = Coder
ADMIN: dropsy = Coder
ADMIN: procitizensa = Coder
ADMIN: drmelon = Coder
ADMIN: halerina = Coder
ADMIN: pacra = Coder
ADMIN: jackmassacre = Coder
ADMIN: jackbox = Coder
ADMIN: infinitemonkeys = Coder
ADMIN: aphtonites = Coder
ADMIN: volundr = Coder
ADMIN: wirewraith = Coder
ADMIN: tobba = Coder
ADMIN: marquesas = Coder
ADMIN: hainesa = Coder
ADMIN: tom = Coder
ADMIN: herrspyguy = Coder
ADMIN: daeren = Coder
ADMIN: conor12 = Coder
ADMIN: convair880 = Coder
[12:24:33] ACCESS: Login: Burten Muffigur from 127.0.0.1
[12:27:34] ACCESS: Login: Hampus Candles (Burten Muffigur) [TRAITOR] from 127.0.0.1
[12:27:59] SAY: Shitty Bill (NPC) : I ever tell you 'bout what Nanotrasen really did in 2051?
[12:28:17] SAY: Shitty Bill (NPC) : The hell're you lookin' at, friend?
[12:28:29] SAY: Shitty Bill (NPC) : I think my bruds set me up.
[12:29:02] SAY: Shitty Bill (NPC) : Nice hogg, bucko.
[12:29:18] SAY: Shitty Bill (NPC) : I ever tell you 'bout the time I found an alien thing that got you high?
[12:30:06] SAY: Shitty Bill (NPC) : I ever tell you 'bout lost Carcosa?
[12:30:20] SAY: Shitty Bill (NPC) : What the hell are you lookin' at, friend?
[12:30:22] SAY: Shitty Bill (NPC) : You sting?
[12:30:43] SAY: Shitty Bill (NPC) : Got any lexo?
[12:31:04] ACCESS: Login: Hampus Candles (Burten Muffigur) [TRAITOR] from 127.0.0.1


Starting up. 12:33.59
---------------------

[12:34:02] ADMIN: Loading jobban_rank
[12:34:02] ADMIN: Jobban_keylist was empty
[12:34:02] ADMIN: Updating jobbanfile!
[12:34:02] ADMIN: Loading oocban_rank
[12:34:02] ADMIN: oocban_keylist was empty
[12:34:02] ADMIN: Updating jobbanfile!
ADMIN: slurm = Host
ADMIN: gibbed = Host
ADMIN: stuntwaffle = Host
ADMIN: pantaloons = Host
ADMIN: darsant = Host
ADMIN: nannek = Host
ADMIN: exadv1 = Coder
ADMIN: 0staf = Coder
ADMIN: justicefries = Coder
ADMIN: eroticdad = Coder
ADMIN: angriestibm = Coder
ADMIN: hobnob = Coder
ADMIN: enallyniv = Coder
ADMIN: lallander = Coder
ADMIN: keelin = Coder
ADMIN: brianoblivion = Coder
ADMIN: arthurmuggins = Coder
ADMIN: isaidno = Coder
ADMIN: mport2004 = Coder
ADMIN: burntcornmuffin = Coder
ADMIN: ishallriseagain = Coder
ADMIN: lljkmosheninkov = Coder
ADMIN: dropsy = Coder
ADMIN: procitizensa = Coder
ADMIN: drmelon = Coder
ADMIN: halerina = Coder
ADMIN: pacra = Coder
ADMIN: jackmassacre = Coder
ADMIN: jackbox = Coder
ADMIN: infinitemonkeys = Coder
ADMIN: aphtonites = Coder
ADMIN: volundr = Coder
ADMIN: wirewraith = Coder
ADMIN: tobba = Coder
ADMIN: marquesas = Coder
ADMIN: hainesa = Coder
ADMIN: tom = Coder
ADMIN: herrspyguy = Coder
ADMIN: daeren = Coder
ADMIN: conor12 = Coder
ADMIN: convair880 = Coder
[12:35:28] ACCESS: Login: Burten Muffigur from 127.0.0.1
[12:38:30] ACCESS: Login: Hampus Candles (Burten Muffigur) [TRAITOR] from 127.0.0.1
[12:38:35] SAY: Shitty Bill (NPC) : Sup Donald "Don" Glabs.
[12:39:04] SAY: Shitty Bill (NPC) : What you lookin' at, dork?
[12:39:34] SAY: Shitty Bill (NPC) : I ever tell you 'bout what really happened to Jons the Catte?
[12:40:24] SAY: Shitty Bill (NPC) : You a Synder?
[12:41:10] SAY: Shitty Bill (NPC) : I think my homebros forgot about me.
[12:41:28] SAY: Shitty Bill (NPC) : Man, I sure don't miss my wife.


Starting up. 12:44.54
---------------------

[12:44:57] ADMIN: Loading jobban_rank
[12:44:57] ADMIN: Jobban_keylist was empty
[12:44:57] ADMIN: Updating jobbanfile!
[12:44:57] ADMIN: Loading oocban_rank
[12:44:57] ADMIN: oocban_keylist was empty
[12:44:57] ADMIN: Updating jobbanfile!
ADMIN: slurm = Host
ADMIN: gibbed = Host
ADMIN: stuntwaffle = Host
ADMIN: pantaloons = Host
ADMIN: darsant = Host
ADMIN: nannek = Host
ADMIN: exadv1 = Coder
ADMIN: 0staf = Coder
ADMIN: justicefries = Coder
ADMIN: eroticdad = Coder
ADMIN: angriestibm = Coder
ADMIN: hobnob = Coder
ADMIN: enallyniv = Coder
ADMIN: lallander = Coder
ADMIN: keelin = Coder
ADMIN: brianoblivion = Coder
ADMIN: arthurmuggins = Coder
ADMIN: isaidno = Coder
ADMIN: mport2004 = Coder
ADMIN: burntcornmuffin = Coder
ADMIN: ishallriseagain = Coder
ADMIN: lljkmosheninkov = Coder
ADMIN: dropsy = Coder
ADMIN: procitizensa = Coder
ADMIN: drmelon = Coder
ADMIN: halerina = Coder
ADMIN: pacra = Coder
ADMIN: jackmassacre = Coder
ADMIN: jackbox = Coder
ADMIN: infinitemonkeys = Coder
ADMIN: aphtonites = Coder
ADMIN: volundr = Coder
ADMIN: wirewraith = Coder
ADMIN: tobba = Coder
ADMIN: marquesas = Coder
ADMIN: hainesa = Coder
ADMIN: tom = Coder
ADMIN: herrspyguy = Coder
ADMIN: daeren = Coder
ADMIN: conor12 = Coder
ADMIN: convair880 = Coder
[12:45:16] ACCESS: Login: Burten Muffigur from 127.0.0.1
[12:48:18] ACCESS: Login: Hampus Candles (Burten Muffigur) [TRAITOR] from 127.0.0.1
[12:48:21] SAY: Shitty Bill (NPC) : What the hell are you lookin' at, pal?
[12:48:45] SAY: Father Jack (NPC) : GIRLS!


Starting up. 12:52.41
---------------------

[12:52:44] ADMIN: Loading jobban_rank
[12:52:44] ADMIN: Jobban_keylist was empty
[12:52:44] ADMIN: Updating jobbanfile!
[12:52:44] ADMIN: Loading oocban_rank
[12:52:44] ADMIN: oocban_keylist was empty
[12:52:44] ADMIN: Updating jobbanfile!
ADMIN: slurm = Host
ADMIN: gibbed = Host
ADMIN: stuntwaffle = Host
ADMIN: pantaloons = Host
ADMIN: darsant = Host
ADMIN: nannek = Host
ADMIN: exadv1 = Coder
ADMIN: 0staf = Coder
ADMIN: justicefries = Coder
ADMIN: eroticdad = Coder
ADMIN: angriestibm = Coder
ADMIN: hobnob = Coder
ADMIN: enallyniv = Coder
ADMIN: lallander = Coder
ADMIN: keelin = Coder
ADMIN: brianoblivion = Coder
ADMIN: arthurmuggins = Coder
ADMIN: isaidno = Coder
ADMIN: mport2004 = Coder
ADMIN: burntcornmuffin = Coder
ADMIN: ishallriseagain = Coder
ADMIN: lljkmosheninkov = Coder
ADMIN: dropsy = Coder
ADMIN: procitizensa = Coder
ADMIN: drmelon = Coder
ADMIN: halerina = Coder
ADMIN: pacra = Coder
ADMIN: jackmassacre = Coder
ADMIN: jackbox = Coder
ADMIN: infinitemonkeys = Coder
ADMIN: aphtonites = Coder
ADMIN: volundr = Coder
ADMIN: wirewraith = Coder
ADMIN: tobba = Coder
ADMIN: marquesas = Coder
ADMIN: hainesa = Coder
ADMIN: tom = Coder
ADMIN: herrspyguy = Coder
ADMIN: daeren = Coder
ADMIN: conor12 = Coder
ADMIN: convair880 = Coder
[12:53:21] ACCESS: Login: Burten Muffigur from 127.0.0.1
[12:55:31] ACCESS: Login: Lord Ragu from 73.75.124.133
[12:56:25] ACCESS: Login: Hampus Candles (Burten Muffigur) [TRAITOR] from 127.0.0.1
[12:56:45] SAY: Shitty Bill (NPC) : You a narc?
[12:56:49] SAY: Father Jack (NPC) : GIRLS!
[12:57:13] SAY: Shitty Bill (NPC) : Hey buddy, gimme yer jet.
[12:57:17] SAY: Father Jack (NPC) : DRINK!
[12:57:36] SAY: Shitty Bill (NPC) : Got a light, bucko?
[12:57:44] ACCESS: Login: Ted Lawler (Lord Ragu) from 73.75.124.133
[12:57:46] SAY: Shitty Bill (NPC) : Got a light, brud?
[12:57:59] SAY: Shitty Bill (NPC) : You rap?
[12:58:20] SAY: Father Jack (NPC) : DRINK!
[12:58:41] SAY: Shitty Bill (NPC) : Got a light, bucko?
[12:59:13] SAY: Shitty Bill (NPC) : I think my homebros left without me.
[13:01:16] SAY: Shitty Bill (NPC) : How's it hangin' Donald "Don" Glabs.
[13:01:19] SAY: Shitty Bill (NPC) : Whatcha you lookin' at, flyboy?
[13:02:04] SAY: Father Jack (NPC) : That would be an ecumenical matter.
[13:02:07] SAY: Shitty Bill (NPC) : Got any smuds?
[13:03:10] SAY: Shitty Bill (NPC) : Got any plazzers?
[13:05:03] SAY: Father Jack (NPC) : FECK!
[13:05:17] SAY: Shitty Bill (NPC) : Yo, gimme yer hugs.
[13:05:28] SAY: Shitty Bill (NPC) : Got any Dan's?
[13:06:03] SAY: Shitty Bill (NPC) : Nice karma, beardo.
[13:07:28] SAY: Shitty Bill (NPC) : Got a light, kid?
[13:08:10] SAY: Shitty Bill (NPC) : I ever tell you 'bout that time I went spelunking?
[13:09:03] SAY: Father Jack (NPC) : That would be an ecumenical matter.
[13:10:20] SAY: Father Jack (NPC) : ARSE!


Starting up. 13:17.00
---------------------

[13:17:03] ADMIN: Loading jobban_rank
[13:17:03] ADMIN: Jobban_keylist was empty
[13:17:03] ADMIN: Updating jobbanfile!
[13:17:03] ADMIN: Loading oocban_rank
[13:17:03] ADMIN: oocban_keylist was empty
[13:17:03] ADMIN: Updating jobbanfile!
ADMIN: slurm = Host
ADMIN: gibbed = Host
ADMIN: stuntwaffle = Host
ADMIN: pantaloons = Host
ADMIN: darsant = Host
ADMIN: nannek = Host
ADMIN: exadv1 = Coder
ADMIN: 0staf = Coder
ADMIN: justicefries = Coder
ADMIN: eroticdad = Coder
ADMIN: angriestibm = Coder
ADMIN: hobnob = Coder
ADMIN: enallyniv = Coder
ADMIN: lallander = Coder
ADMIN: keelin = Coder
ADMIN: brianoblivion = Coder
ADMIN: arthurmuggins = Coder
ADMIN: isaidno = Coder
ADMIN: mport2004 = Coder
ADMIN: burntcornmuffin = Coder
ADMIN: ishallriseagain = Coder
ADMIN: lljkmosheninkov = Coder
ADMIN: dropsy = Coder
ADMIN: procitizensa = Coder
ADMIN: drmelon = Coder
ADMIN: halerina = Coder
ADMIN: pacra = Coder
ADMIN: jackmassacre = Coder
ADMIN: jackbox = Coder
ADMIN: infinitemonkeys = Coder
ADMIN: aphtonites = Coder
ADMIN: volundr = Coder
ADMIN: wirewraith = Coder
ADMIN: tobba = Coder
ADMIN: marquesas = Coder
ADMIN: hainesa = Coder
ADMIN: tom = Coder
ADMIN: herrspyguy = Coder
ADMIN: daeren = Coder
ADMIN: conor12 = Coder
ADMIN: convair880 = Coder
[13:17:54] ACCESS: Login: Burten Muffigur from 127.0.0.1
[13:18:53] ACCESS: Login: Lord Ragu from 73.75.124.133
[13:19:29] ADMIN: Lord Ragu used adminwho and saw 0 admins.
[13:20:55] ACCESS: Login: Hampus Candles (Burten Muffigur) [TRAITOR] from 127.0.0.1
[13:20:55] ACCESS: Login:  (AI)Lord Ragu from 73.75.124.133
[13:20:59] SAY: Shitty Bill (NPC) : What you lookin' at, weirdo?
[13:21:20] SAY: Armageddon (AI) (Lord Ragu) : ;Suh my dudes
[13:21:23] SAY: Shitty Bill (NPC) : The hell you lookin' at, Colonel?
[13:21:29] SAY: Shitty Bill (NPC) : Nice face, chief.
[13:21:55] SAY: Shitty Bill (NPC) : Got a light, bud?
[13:22:19] SAY: Armageddon (AI) (Lord Ragu) : 1. You may not injure a human being or cause one to come to harm.
[13:22:20] SAY: Armageddon (AI) (Lord Ragu) : 2. You must obey orders given to you by human beings based on the station's chain of command, except where such orders would conflict with the First Law.
[13:22:21] SAY: Armageddon (AI) (Lord Ragu) : 3. You must protect your own existence as long as such does not conflict with the First or Second Law.
[13:22:36] SAY: Shitty Bill (NPC) : Nice treads, bro.
[13:22:38] ADMIN: Armageddon (AI) (Lord Ragu) called the Emergency Shuttle
[13:23:35] SAY: Shitty Bill (NPC) : Whatcha you lookin' at, bro?
[13:23:51] SAY: Shitty Bill (NPC) : You grustle?
[13:24:00] SAY: Shitty Bill (NPC) : Got any stylane?
[13:24:07] SAY: Shitty Bill (NPC) : Oh Christ, it's Donald "Don" Glabs.
[13:25:48] SAY: Shitty Bill (NPC) : Man, I sure miss Alpha Centauri.
[13:25:59] SAY: Shitty Bill (NPC) : I think my homebros stole my hat.
[13:27:39] SAY: Shitty Bill (NPC) : What up Donald "Don" Glabs.
[13:28:03] SAY: Father Jack (NPC) : DRINK!
[13:28:17] SAY: Shitty Bill (NPC) : Man, I sure miss my dad.
[13:28:29] SAY: Shitty Bill (NPC) : Hey dweeb, gimme yer smokes.
[13:28:47] SAY: Father Jack (NPC) : That would be an ecumenical matter.
[13:29:04] SAY: Shitty Bill (NPC) : Hey pal, gimme yer drugs.


Starting up. 13:40.29
---------------------

[13:40:32] ADMIN: Loading jobban_rank
[13:40:32] ADMIN: Jobban_keylist was empty
[13:40:32] ADMIN: Updating jobbanfile!
[13:40:32] ADMIN: Loading oocban_rank
[13:40:32] ADMIN: oocban_keylist was empty
[13:40:32] ADMIN: Updating jobbanfile!
ADMIN: slurm = Host
ADMIN: gibbed = Host
ADMIN: stuntwaffle = Host
ADMIN: pantaloons = Host
ADMIN: darsant = Host
ADMIN: nannek = Host
ADMIN: Burten Muffigur = Host
ADMIN: exadv1 = Coder
ADMIN: 0staf = Coder
ADMIN: justicefries = Coder
ADMIN: eroticdad = Coder
ADMIN: angriestibm = Coder
ADMIN: hobnob = Coder
ADMIN: enallyniv = Coder
ADMIN: lallander = Coder
ADMIN: keelin = Coder
ADMIN: brianoblivion = Coder
ADMIN: arthurmuggins = Coder
ADMIN: isaidno = Coder
ADMIN: mport2004 = Coder
ADMIN: burntcornmuffin = Coder
ADMIN: ishallriseagain = Coder
ADMIN: lljkmosheninkov = Coder
ADMIN: dropsy = Coder
ADMIN: procitizensa = Coder
ADMIN: drmelon = Coder
ADMIN: halerina = Coder
ADMIN: pacra = Coder
ADMIN: jackmassacre = Coder
ADMIN: jackbox = Coder
ADMIN: infinitemonkeys = Coder
ADMIN: aphtonites = Coder
ADMIN: volundr = Coder
ADMIN: wirewraith = Coder
ADMIN: tobba = Coder
ADMIN: marquesas = Coder
ADMIN: hainesa = Coder
ADMIN: tom = Coder
ADMIN: herrspyguy = Coder
ADMIN: daeren = Coder
ADMIN: conor12 = Coder
ADMIN: convair880 = Coder
[13:41:28] ACCESS: Login: Burten Muffigur from 127.0.0.1
[13:41:30] ACCESS: Login: Lord Ragu from 73.75.124.133
[13:44:30] ACCESS: Login: Hampus Candles (Burten Muffigur) [TRAITOR] from 127.0.0.1
[13:44:36] ACCESS: Login: Jonathan Crow (Lord Ragu) from 73.75.124.133
[13:44:54] SAY: Shitty Bill (NPC) : Hey buddy, gimme yer jet.
[13:45:59] SAY: Shitty Bill (NPC) : You roll?
[13:46:34] SAY: Shitty Bill (NPC) : Whoa, it's Donald "Don" Glabs.
[13:46:37] SAY: Shitty Bill (NPC) : Man, I sure miss the Rings.
[13:47:19] SAY: Shitty Bill (NPC) : Whoa, it's Donald "Don" Glabs.
[13:48:56] SAY: Shitty Bill (NPC) : I think my bruds stole my cat.
[13:50:37] SAY: Shitty Bill (NPC) : You drink?
[13:50:54] SAY: Shitty Bill (NPC) : Whatcha you lookin' at, owl man?
[13:51:01] SAY: Shitty Bill (NPC) : I think my bruds got lost on the way here.
[13:51:03] SAY: Father Jack (NPC) : GIRLS!
[13:56:51] SAY: Father Jack (NPC) : FECK!
[13:57:35] SAY: Shitty Bill (NPC) : Got any nog?
[13:58:28] SAY: Shitty Bill (NPC) : You wrassle?
[13:58:37] SAY: Shitty Bill (NPC) : Got any serum?
[14:00:27] SAY: Shitty Bill (NPC) : Got any pips?
[14:00:50] SAY: Shitty Bill (NPC) : Got any Synapse?
[14:01:20] SAY: Shitty Bill (NPC) : Man, I sure don't miss my wife.
[14:02:07] SAY: Father Jack (NPC) : ARSE!
[14:02:09] SAY: Shitty Bill (NPC) : What're you lookin' at, chief?
[14:03:49] SAY: Shitty Bill (NPC) : I think my pals stole my cat.
[14:03:58] SAY: Shitty Bill (NPC) : Got a light, owl man?
[14:05:39] SAY: Shitty Bill (NPC) : I think my crew got lost on the way here.
[14:06:37] SAY: Shitty Bill (NPC) : Man, I sure don't miss bein' an operative.
[14:07:52] SAY: Shitty Bill (NPC) : Got any smokes?
[14:08:20] SAY: Shitty Bill (NPC) : Man, I sure don't miss that big meaty dude.
[14:08:27] SAY: Shitty Bill (NPC) : I think my homies set me up.
[14:09:14] SAY: Shitty Bill (NPC) : You a Russian?
[14:09:21] SAY: Shitty Bill (NPC) : Got a light, idiot?
[14:09:26] SAY: Shitty Bill (NPC) : Got any smokes?
[14:09:28] SAY: Father Jack (NPC) : FECK!
[14:09:49] SAY: Shitty Bill (NPC) : I think my crew sent you.
[14:13:05] SAY: Father Jack (NPC) : That would be an ecumenical matter.
[14:13:22] SAY: Father Jack (NPC) : GIRLS!
[14:14:36] SAY: Father Jack (NPC) : That would be an ecumenical matter.
[14:14:46] SAY: Shitty Bill (NPC) : Man, I sure miss bein' an atmos tech.
[14:15:02] SAY: Shitty Bill (NPC) : I ever tell you 'bout the time I shaved a wizard?
[14:16:57] SAY: Shitty Bill (NPC) : Dag, it's Father Jack.
[14:16:59] SAY: Shitty Bill (NPC) : I think my buds are running late.
[14:18:12] SAY: Shitty Bill (NPC) : Nice hog, friend.
[14:20:04] SAY: Shitty Bill (NPC) : You a narc?
[14:20:30] SAY: Father Jack (NPC) : That would be an ecumenical matter.
[14:22:32] SAY: Shitty Bill (NPC) : What're you lookin' at, scrub?
[14:22:55] SAY: Shitty Bill (NPC) : You sting?
[14:23:09] SAY: Shitty Bill (NPC) : Hello Father Jack.
[14:23:22] SAY: Shitty Bill (NPC) : Hey pal, gimme yer keys.
[14:23:43] SAY: Shitty Bill (NPC) : You roll?
[14:24:13] SAY: Shitty Bill (NPC) : You a Synder?
[14:24:25] SAY: Shitty Bill (NPC) : Hey pal, gimme yer bees.
[14:24:32] SAY: Shitty Bill (NPC) : Man, I sure don't miss Ganymede.
[14:24:34] SAY: Shitty Bill (NPC) : You ride?
[14:24:50] SAY: Shitty Bill (NPC) : The hell you lookin' at, buddy?
[14:26:00] SAY: Father Jack (NPC) : GIRLS!
[14:26:31] SAY: Shitty Bill (NPC) : I ever tell you 'bout the terrible secret of juggling?
[14:26:35] SAY: Father Jack (NPC) : FECK!
[14:27:07] SAY: Shitty Bill (NPC) : Nice threads, astronaut.
[14:27:14] SAY: Shitty Bill (NPC) : Got any burgle?
[14:28:48] SAY: Shitty Bill (NPC) : Oh Christ, it's Father Jack.
[14:29:18] SAY: Shitty Bill (NPC) : I think my buds are running late.
[14:29:44] SAY: Shitty Bill (NPC) : Got a light, weirdo?
[14:30:07] ACCESS: Login: Jonathan Crow (Lord Ragu) [DEAD] from 73.75.124.133


Starting up. 14:31.58
---------------------

[14:32:01] ADMIN: Loading jobban_rank
[14:32:01] ADMIN: Jobban_keylist was empty
[14:32:01] ADMIN: Updating jobbanfile!
[14:32:01] ADMIN: Loading oocban_rank
[14:32:01] ADMIN: oocban_keylist was empty
[14:32:01] ADMIN: Updating jobbanfile!
ADMIN: slurm = Host
ADMIN: gibbed = Host
ADMIN: stuntwaffle = Host
ADMIN: pantaloons = Host
ADMIN: darsant = Host
ADMIN: nannek = Host
ADMIN: Burten Muffigur = Host
ADMIN: exadv1 = Coder
ADMIN: 0staf = Coder
ADMIN: justicefries = Coder
ADMIN: eroticdad = Coder
ADMIN: angriestibm = Coder
ADMIN: hobnob = Coder
ADMIN: enallyniv = Coder
ADMIN: lallander = Coder
ADMIN: keelin = Coder
ADMIN: brianoblivion = Coder
ADMIN: arthurmuggins = Coder
ADMIN: isaidno = Coder
ADMIN: mport2004 = Coder
ADMIN: burntcornmuffin = Coder
ADMIN: ishallriseagain = Coder
ADMIN: lljkmosheninkov = Coder
ADMIN: dropsy = Coder
ADMIN: procitizensa = Coder
ADMIN: drmelon = Coder
ADMIN: halerina = Coder
ADMIN: pacra = Coder
ADMIN: jackmassacre = Coder
ADMIN: jackbox = Coder
ADMIN: infinitemonkeys = Coder
ADMIN: aphtonites = Coder
ADMIN: volundr = Coder
ADMIN: wirewraith = Coder
ADMIN: tobba = Coder
ADMIN: marquesas = Coder
ADMIN: hainesa = Coder
ADMIN: tom = Coder
ADMIN: herrspyguy = Coder
ADMIN: daeren = Coder
ADMIN: conor12 = Coder
ADMIN: convair880 = Coder
[14:32:51] ACCESS: Login: Lord Ragu from 73.75.124.133
[14:33:06] ACCESS: Login: Burten Muffigur from 127.0.0.1
[14:35:19] ACCESS: Login: Jonathan Crow (Lord Ragu) from 73.75.124.133
[14:35:19] ACCESS: Login: Hampus Candles (Burten Muffigur) [TRAITOR] from 127.0.0.1
[14:35:36] SAY: Shitty Bill (NPC) : You a narc?
[14:36:12] SAY: Shitty Bill (NPC) : I ever tell you 'bout the time I poisoned a dude with my own pee?
[14:36:35] SAY: Shitty Bill (NPC) : Man, I sure don't miss your dad.
[14:37:42] SAY: Father Jack (NPC) : FECK!
[14:39:40] SAY: Shitty Bill (NPC) : I think my bros got caught.
[14:39:55] SAY: Father Jack (NPC) : ARSE!
[14:40:11] SAY: Shitty Bill (NPC) : Man, I sure don't miss Ganymede.
[14:40:51] SAY: Father Jack (NPC) : DRINK!
[14:41:57] SAY: Shitty Bill (NPC) : You a dracula?
[14:42:32] SAY: Father Jack (NPC) : DRINK!
[14:44:13] SAY: Father Jack (NPC) : FECK!
[14:44:33] SAY: Father Jack (NPC) : GIRLS!
[14:44:46] SAY: Shitty Bill (NPC) : You a narc?
[14:44:49] SAY: Shitty Bill (NPC) : Hey buddy, gimme yer patch.
[14:45:07] SAY: Shitty Bill (NPC) : Got a light, bud?
[14:46:16] SAY: Shitty Bill (NPC) : Got any ecto?
[14:46:47] SAY: Shitty Bill (NPC) : Got a light, bro?
[14:47:22] SAY: Shitty Bill (NPC) : I think my pals got caught.
[14:47:36] SAY: Shitty Bill (NPC) : I think my bruds are running late.
[14:47:50] SAY: Shitty Bill (NPC) : I think my homies got eaten.
[14:48:21] SAY: Shitty Bill (NPC) : Oh hell, it's Father Jack.
[14:48:26] SAY: Shitty Bill (NPC) : Got a light, dingus?
[14:48:48] SAY: Shitty Bill (NPC) : You a narc?
[14:48:58] SAY: Shitty Bill (NPC) : Whatcha you lookin' at, nerd?
[14:49:15] SAY: Shitty Bill (NPC) : The hell're you lookin' at, bro?
[14:50:45] SAY: Shitty Bill (NPC) : You roll?
[14:50:48] SAY: Shitty Bill (NPC) : You fly?


Starting up. 14:52.44
---------------------

[14:52:47] ADMIN: Loading jobban_rank
[14:52:47] ADMIN: Jobban_keylist was empty
[14:52:47] ADMIN: Updating jobbanfile!
[14:52:47] ADMIN: Loading oocban_rank
[14:52:47] ADMIN: oocban_keylist was empty
[14:52:47] ADMIN: Updating jobbanfile!
ADMIN: slurm = Host
ADMIN: gibbed = Host
ADMIN: stuntwaffle = Host
ADMIN: pantaloons = Host
ADMIN: darsant = Host
ADMIN: nannek = Host
ADMIN: Burten Muffigur = Host
ADMIN: exadv1 = Coder
ADMIN: 0staf = Coder
ADMIN: justicefries = Coder
ADMIN: eroticdad = Coder
ADMIN: angriestibm = Coder
ADMIN: hobnob = Coder
ADMIN: enallyniv = Coder
ADMIN: lallander = Coder
ADMIN: keelin = Coder
ADMIN: brianoblivion = Coder
ADMIN: arthurmuggins = Coder
ADMIN: isaidno = Coder
ADMIN: mport2004 = Coder
ADMIN: burntcornmuffin = Coder
ADMIN: ishallriseagain = Coder
ADMIN: lljkmosheninkov = Coder
ADMIN: dropsy = Coder
ADMIN: procitizensa = Coder
ADMIN: drmelon = Coder
ADMIN: halerina = Coder
ADMIN: pacra = Coder
ADMIN: jackmassacre = Coder
ADMIN: jackbox = Coder
ADMIN: infinitemonkeys = Coder
ADMIN: aphtonites = Coder
ADMIN: volundr = Coder
ADMIN: wirewraith = Coder
ADMIN: tobba = Coder
ADMIN: marquesas = Coder
ADMIN: hainesa = Coder
ADMIN: tom = Coder
ADMIN: herrspyguy = Coder
ADMIN: daeren = Coder
ADMIN: conor12 = Coder
ADMIN: convair880 = Coder
[14:53:21] ACCESS: Login: Burten Muffigur from 127.0.0.1
[14:54:01] ACCESS: Login: Lord Ragu from 73.75.124.133
[14:55:08] ADMIN: Burten Muffigur used adminwho and saw 0 admins.
[14:55:09] ADMIN: Burten Muffigur used adminwho and saw 0 admins.
[14:55:09] ADMIN: Burten Muffigur used adminwho and saw 0 admins.
[14:55:10] ADMIN: Burten Muffigur used adminwho and saw 0 admins.
[14:55:10] ADMIN: Burten Muffigur used adminwho and saw 0 admins.
[14:55:11] ADMIN: Burten Muffigur used adminwho and saw 0 admins.
[14:55:11] ADMIN: Burten Muffigur used adminwho and saw 0 admins.
[14:56:22] ACCESS: Login: Hampus Candles (Burten Muffigur) from 127.0.0.1
[14:56:22] ACCESS: Login: Jonathan Crow (Lord Ragu) [TRAITOR] from 73.75.124.133
[14:56:23] SAY: Shitty Bill (NPC) : You a Synder?
[14:56:51] SAY: Shitty Bill (NPC) : I think my pals got lost on the way here.
[14:57:05] SAY: Shitty Bill (NPC) : Got any 420?
[14:57:10] SAY: Shitty Bill (NPC) : Got any hyro?
[14:58:13] SAY: Shitty Bill (NPC) : You a dracula?
[14:58:22] SAY: Shitty Bill (NPC) : Man, I sure miss the Enterprise.
[14:59:29] SAY: Shitty Bill (NPC) : You a beardo?
[15:00:18] SAY: Shitty Bill (NPC) : You a beardo?
[15:01:10] SAY: Shitty Bill (NPC) : You a Russian?
[15:01:33] SAY: Shitty Bill (NPC) : You a dracula?
[15:01:45] SAY: Shitty Bill (NPC) : I ever tell you 'bout the time I found a planet fulla corgis?
[15:03:07] SAY: Shitty Bill (NPC) : I ever tell you 'bout the time I got cloned?
[15:04:16] SAY: Shitty Bill (NPC) : Dang, it's Father Jack.
[15:05:21] SAY: Father Jack (NPC) : GIRLS!
[15:05:36] SAY: Father Jack (NPC) : FECK!
[15:06:23] ACCESS: Login: Virtual Jonathan Crow (Lord Ragu) [TRAITOR] from 73.75.124.133
[15:07:18] SAY: Shitty Bill (NPC) : The hell're you lookin' at, brud?
[15:07:51] SAY: Shitty Bill (NPC) : Got a light, spaceman?
[15:08:03] ACCESS: Login: Jonathan Crow (Lord Ragu) [TRAITOR] from 73.75.124.133


Starting up. 15:24.36
---------------------

[15:24:39] ADMIN: Loading jobban_rank
[15:24:39] ADMIN: Jobban_keylist was empty
[15:24:39] ADMIN: Updating jobbanfile!
[15:24:39] ADMIN: Loading oocban_rank
[15:24:39] ADMIN: oocban_keylist was empty
[15:24:39] ADMIN: Updating jobbanfile!
ADMIN: slurm = Host
ADMIN: gibbed = Host
ADMIN: stuntwaffle = Host
ADMIN: pantaloons = Host
ADMIN: darsant = Host
ADMIN: nannek = Host
ADMIN: Burten Muffigur = Admin
ADMIN: exadv1 = Coder
ADMIN: 0staf = Coder
ADMIN: justicefries = Coder
ADMIN: eroticdad = Coder
ADMIN: angriestibm = Coder
ADMIN: hobnob = Coder
ADMIN: enallyniv = Coder
ADMIN: lallander = Coder
ADMIN: keelin = Coder
ADMIN: brianoblivion = Coder
ADMIN: arthurmuggins = Coder
ADMIN: isaidno = Coder
ADMIN: mport2004 = Coder
ADMIN: burntcornmuffin = Coder
ADMIN: ishallriseagain = Coder
ADMIN: lljkmosheninkov = Coder
ADMIN: dropsy = Coder
ADMIN: procitizensa = Coder
ADMIN: drmelon = Coder
ADMIN: halerina = Coder
ADMIN: pacra = Coder
ADMIN: jackmassacre = Coder
ADMIN: jackbox = Coder
ADMIN: infinitemonkeys = Coder
ADMIN: aphtonites = Coder
ADMIN: volundr = Coder
ADMIN: wirewraith = Coder
ADMIN: tobba = Coder
ADMIN: marquesas = Coder
ADMIN: hainesa = Coder
ADMIN: tom = Coder
ADMIN: herrspyguy = Coder
ADMIN: daeren = Coder
ADMIN: conor12 = Coder
ADMIN: convair880 = Coder
[15:24:48] ACCESS: Login: Burten Muffigur from 127.0.0.1
[15:24:57] ACCESS: Login: Lord Ragu from 73.75.124.133
[15:27:57] ACCESS: Login: Hampus Candles (Burten Muffigur) [TRAITOR] from 127.0.0.1
[15:27:57] ACCESS: Login: Jonathan Crow (Lord Ragu) from 73.75.124.133
[15:28:38] SAY: Shitty Bill (NPC) : Nice ship, dork.
[15:29:11] SAY: Shitty Bill (NPC) : I ever tell you 'bout that time I was a werewolf?
[15:29:27] SAY: Shitty Bill (NPC) : Got a light, Colonel?
[15:29:35] SAY: Shitty Bill (NPC) : I think my bros stole my hat.
[15:29:37] SAY: Shitty Bill (NPC) : I think my associates got eaten.
[15:30:03] SAY: Shitty Bill (NPC) : Got any soup?
[15:31:37] SAY: Father Jack (NPC) : GIRLS!
[15:34:18] SAY: Shitty Bill (NPC) : Got any pot?
[15:34:44] SAY: Shitty Bill (NPC) : You smoke?
[15:35:32] SAY: Shitty Bill (NPC) : You a dracula?
[15:36:11] SAY: Shitty Bill (NPC) : Got any taters?
[15:36:44] SAY: Shitty Bill (NPC) : Dag, it's Donald "Don" Glabs.
[15:38:34] SAY: Shitty Bill (NPC) : Got a light, dork?
[15:38:49] SAY: Shitty Bill (NPC) : What the hell are you lookin' at, pal?
[15:39:40] SAY: Shitty Bill (NPC) : Nice burner, bud.
[15:40:18] SAY: Shitty Bill (NPC) : I ever tell you 'bout the time I helped some weird dudes build some little beepin' robots?
[15:40:34] SAY: Shitty Bill (NPC) : Whoa, it's Donald "Don" Glabs.
[15:42:19] SAY: Shitty Bill (NPC) : I think my crew stole my key.
[15:43:01] SAY: Shitty Bill (NPC) : You dance?
[15:43:08] SAY: Shitty Bill (NPC) : I think my bros sent you.
[15:43:27] SAY: Shitty Bill (NPC) : Got a light, doofus?
[15:44:09] SAY: Shitty Bill (NPC) : Man, I sure miss bein' a chemist.
[15:44:14] SAY: Father Jack (NPC) : ARSE!
[15:44:23] SAY: Father Jack (NPC) : GIRLS!
[15:44:52] SAY: Shitty Bill (NPC) : Got any beff?
[15:45:06] SAY: Father Jack (NPC) : DRINK!
[15:46:06] SAY: Shitty Bill (NPC) : Got a light, owl man?
[15:46:06] SAY: Father Jack (NPC) : DRINK!
[15:46:35] SAY: Shitty Bill (NPC) : Hey chump, gimme yer cash.
[15:46:37] SAY: Shitty Bill (NPC) : Nice wheels, clown.
[15:46:39] SAY: Shitty Bill (NPC) : I think my associates got eaten.
[15:46:44] SAY: Shitty Bill (NPC) : You a miner?
[15:47:12] SAY: Shitty Bill (NPC) : Whatcha you lookin' at, doofus?
[15:47:39] SAY: Shitty Bill (NPC) : Hey Donald "Don" Glabs.
[15:48:33] SAY: Father Jack (NPC) : ARSE!
[15:50:18] SAY: Shitty Bill (NPC) : You a miner?
[15:50:37] SAY: Shitty Bill (NPC) : I ever tell you 'bout who really shot the clown?
[15:50:54] SAY: Shitty Bill (NPC) : Got any 420?
[15:51:05] SAY: Shitty Bill (NPC) : Hey Donald "Don" Glabs.
[15:51:31] SAY: Shitty Bill (NPC) : What the hell are you lookin' at, brud?
[15:52:36] SAY: Shitty Bill (NPC) : Man, I sure miss Murray.
[15:53:04] SAY: Shitty Bill (NPC) : Hey friendo, gimme yer hugs.
[15:53:58] SAY: Shitty Bill (NPC) : 'Ey, it's Donald "Don" Glabs.
[15:54:00] SAY: Shitty Bill (NPC) : The hell you lookin' at, wirehead?
[15:54:07] SAY: Shitty Bill (NPC) : Dag, it's Donald "Don" Glabs.
[15:54:28] SAY: Father Jack (NPC) : GIRLS!
[15:55:36] SAY: Shitty Bill (NPC) : I ever tell you 'bout the time I poisoned a dude with my own pee?
[15:57:52] SAY: Shitty Bill (NPC) : Dag, it's Donald "Don" Glabs.
[15:58:15] SAY: Shitty Bill (NPC) : Nice threads, beardo.
[15:58:36] SAY: Father Jack (NPC) : ARSE!
[15:59:11] SAY: Shitty Bill (NPC) : You dance?
[15:59:54] SAY: Shitty Bill (NPC) : Hey brud, gimme yer jet.
[16:00:38] SAY: Shitty Bill (NPC) : Got a light, scrub?
[16:01:27] SAY: Shitty Bill (NPC) : I ever tell you 'bout the last day I saw my kids?
[16:02:23] SAY: Shitty Bill (NPC) : I ever tell you 'bout the time I shaved a wizard?
[16:02:28] SAY: Shitty Bill (NPC) : Got a light, astronaut?
[16:03:03] SAY: Shitty Bill (NPC) : Got any lepo?
[16:03:57] SAY: Father Jack (NPC) : That would be an ecumenical matter.
[16:04:28] SAY: Shitty Bill (NPC) : Man, I sure don't miss Earth.
[16:04:37] SAY: Father Jack (NPC) : ARSE!
[16:04:42] SAY: Shitty Bill (NPC) : Whoa, it's Donald "Don" Glabs.
[16:05:15] SAY: Shitty Bill (NPC) : Got any hits?


Starting up. 16:10.12
---------------------

[16:10:15] ADMIN: Loading jobban_rank
[16:10:15] ADMIN: Jobban_keylist was empty
[16:10:15] ADMIN: Updating jobbanfile!
[16:10:15] ADMIN: Loading oocban_rank
[16:10:15] ADMIN: oocban_keylist was empty
[16:10:15] ADMIN: Updating jobbanfile!
ADMIN: slurm = Host
ADMIN: gibbed = Host
ADMIN: stuntwaffle = Host
ADMIN: pantaloons = Host
ADMIN: darsant = Host
ADMIN: nannek = Host
ADMIN: Burten Muffigur = Admin
ADMIN: exadv1 = Coder
ADMIN: 0staf = Coder
ADMIN: justicefries = Coder
ADMIN: eroticdad = Coder
ADMIN: angriestibm = Coder
ADMIN: hobnob = Coder
ADMIN: enallyniv = Coder
ADMIN: lallander = Coder
ADMIN: keelin = Coder
ADMIN: brianoblivion = Coder
ADMIN: arthurmuggins = Coder
ADMIN: isaidno = Coder
ADMIN: mport2004 = Coder
ADMIN: burntcornmuffin = Coder
ADMIN: ishallriseagain = Coder
ADMIN: lljkmosheninkov = Coder
ADMIN: dropsy = Coder
ADMIN: procitizensa = Coder
ADMIN: drmelon = Coder
ADMIN: halerina = Coder
ADMIN: pacra = Coder
ADMIN: jackmassacre = Coder
ADMIN: jackbox = Coder
ADMIN: infinitemonkeys = Coder
ADMIN: aphtonites = Coder
ADMIN: volundr = Coder
ADMIN: wirewraith = Coder
ADMIN: tobba = Coder
ADMIN: marquesas = Coder
ADMIN: hainesa = Coder
ADMIN: tom = Coder
ADMIN: herrspyguy = Coder
ADMIN: daeren = Coder
ADMIN: conor12 = Coder
ADMIN: convair880 = Coder
[16:10:23] ACCESS: Login: Burten Muffigur from 127.0.0.1


Starting up. 16:14.24
---------------------

[16:14:27] ADMIN: Loading jobban_rank
[16:14:27] ADMIN: Jobban_keylist was empty
[16:14:27] ADMIN: Updating jobbanfile!
[16:14:27] ADMIN: Loading oocban_rank
[16:14:27] ADMIN: oocban_keylist was empty
[16:14:27] ADMIN: Updating jobbanfile!
ADMIN: slurm = Host
ADMIN: gibbed = Host
ADMIN: stuntwaffle = Host
ADMIN: pantaloons = Host
ADMIN: darsant = Host
ADMIN: nannek = Host
ADMIN: Burten Muffigur = Admin
ADMIN: exadv1 = Coder
ADMIN: 0staf = Coder
ADMIN: justicefries = Coder
ADMIN: eroticdad = Coder
ADMIN: angriestibm = Coder
ADMIN: hobnob = Coder
ADMIN: enallyniv = Coder
ADMIN: lallander = Coder
ADMIN: keelin = Coder
ADMIN: brianoblivion = Coder
ADMIN: arthurmuggins = Coder
ADMIN: isaidno = Coder
ADMIN: mport2004 = Coder
ADMIN: burntcornmuffin = Coder
ADMIN: ishallriseagain = Coder
ADMIN: lljkmosheninkov = Coder
ADMIN: dropsy = Coder
ADMIN: procitizensa = Coder
ADMIN: drmelon = Coder
ADMIN: halerina = Coder
ADMIN: pacra = Coder
ADMIN: jackmassacre = Coder
ADMIN: jackbox = Coder
ADMIN: infinitemonkeys = Coder
ADMIN: aphtonites = Coder
ADMIN: volundr = Coder
ADMIN: wirewraith = Coder
ADMIN: tobba = Coder
ADMIN: marquesas = Coder
ADMIN: hainesa = Coder
ADMIN: tom = Coder
ADMIN: herrspyguy = Coder
ADMIN: daeren = Coder
ADMIN: conor12 = Coder
ADMIN: convair880 = Coder
[16:14:41] ACCESS: Login: Burten Muffigur from 127.0.0.1
[16:17:44] ACCESS: Login: Hampus Candles (Burten Muffigur) [TRAITOR] from 127.0.0.1
[16:19:47] SAY: Shitty Bill (NPC) : The hell're you lookin' at, astronaut?
[16:20:06] SAY: Father Jack (NPC) : FECK!
[16:20:34] SAY: Father Jack (NPC) : ARSE!
[16:20:55] SAY: Father Jack (NPC) : DRINK!
[16:22:35] SAY: Shitty Bill (NPC) : Hey buddy, gimme yer dosh.
[16:23:40] SAY: Father Jack (NPC) : DRINK!
[16:23:42] SAY: Shitty Bill (NPC) : Man, I sure don't miss the Rings.
[16:23:45] SAY: Shitty Bill (NPC) : What the hell are you lookin' at, beardo?
[16:24:04] SAY: Shitty Bill (NPC) : I think my homies set me up.
[16:24:47] SAY: Shitty Bill (NPC) : Got any burgle?
[16:25:05] ACCESS: Login: Hampus Candles (Burten Muffigur) [TRAITOR] from 127.0.0.1
[16:25:14] SAY: Shitty Bill (NPC) : You a cop?
[16:25:37] SAY: Shitty Bill (NPC) : Hey buddy, gimme yer bees.
[16:26:03] SAY: Shitty Bill (NPC) : Got a light, dude?
[16:26:29] SAY: Shitty Bill (NPC) : You grustle?
[16:26:42] SAY: Shitty Bill (NPC) : I think my homebros got lost on the way here.
[16:27:08] SAY: Shitty Bill (NPC) : How's it hangin' Donald "Don" Glabs.
[16:28:21] SAY: Shitty Bill (NPC) : Man, I sure miss my pal David.
[16:28:32] SAY: Shitty Bill (NPC) : You jet?
[16:28:35] SAY: Shitty Bill (NPC) : Man, I sure miss my kids.
[16:29:01] SAY: Shitty Bill (NPC) : You wrassle?
[16:29:27] SAY: Shitty Bill (NPC) : You a nerd?
[16:29:50] SAY: Shitty Bill (NPC) : You ride?
[16:29:55] SAY: Shitty Bill (NPC) : You a Russian?
[16:30:14] SAY: Shitty Bill (NPC) : You jam?
[16:30:28] SAY: Shitty Bill (NPC) : Got any taters?
[16:30:44] SAY: Shitty Bill (NPC) : Yo, gimme yer smokes.
[16:30:58] SAY: Shitty Bill (NPC) : What you lookin' at, scrub?
[16:32:29] SAY: Shitty Bill (NPC) : Hey, gimme yer cats.
[16:33:43] SAY: Shitty Bill (NPC) : Nice podd, chump.
[16:34:14] SAY: Shitty Bill (NPC) : Got a light, pal?
[16:34:17] SAY: Shitty Bill (NPC) : What're you lookin' at, bucko?
[16:34:49] SAY: Shitty Bill (NPC) : You grustle?
[16:36:00] SAY: Shitty Bill (NPC) : You a cop?
[16:36:50] SAY: Shitty Bill (NPC) : Got any soup?
[16:37:34] SAY: Shitty Bill (NPC) : I think my buds got lost on the way here.
[16:37:44] SAY: Shitty Bill (NPC) : You rhyme?
[16:38:02] SAY: Shitty Bill (NPC) : Got any pot?
[16:38:05] SAY: Shitty Bill (NPC) : I ever tell you 'bout the time I shot that clown?
[16:39:25] SAY: Father Jack (NPC) : That would be an ecumenical matter.
[16:40:14] SAY: Father Jack (NPC) : GIRLS!
[16:40:33] SAY: Shitty Bill (NPC) : What you lookin' at, kid?
[16:41:38] SAY: Shitty Bill (NPC) : You a narc?
[16:41:38] SAY: Father Jack (NPC) : That would be an ecumenical matter.
[16:44:04] SAY: Shitty Bill (NPC) : Got any astro?
[16:44:26] SAY: Father Jack (NPC) : That would be an ecumenical matter.
[16:45:23] SAY: Shitty Bill (NPC) : Whatcha you lookin' at, idiot?
[16:46:05] SAY: Shitty Bill (NPC) : The hell you lookin' at, scrub?
[16:47:38] SAY: Shitty Bill (NPC) : You smoke?
[16:47:47] SAY: Shitty Bill (NPC) : You jam?
[16:48:34] SAY: Shitty Bill (NPC) : Nice burner, buddy.
[16:48:46] SAY: Shitty Bill (NPC) : 'Ey, it's Donald "Don" Glabs.
[16:48:53] SAY: Shitty Bill (NPC) : What the hell are you lookin' at, buddy?
[16:49:05] SAY: Father Jack (NPC) : That would be an ecumenical matter.
[16:49:43] SAY: Shitty Bill (NPC) : I ever tell you 'bout the time I found an alien thing that got you high?
[16:49:50] SAY: Shitty Bill (NPC) : What you lookin' at, wirehead?
[16:49:52] SAY: Shitty Bill (NPC) : 'Ey, it's Donald "Don" Glabs.
[16:49:59] SAY: Shitty Bill (NPC) : Got a light, chump?
[16:50:27] SAY: Shitty Bill (NPC) : Hey buddy, gimme yer keys.
[16:51:06] SAY: Shitty Bill (NPC) : You fly?
[16:51:28] SAY: Shitty Bill (NPC) : I ever tell you 'bout the day the Marties overran our position?
[16:51:51] SAY: Shitty Bill (NPC) : Got a light, brud?
[16:52:07] SAY: Shitty Bill (NPC) : You smoke?
[16:52:42] SAY: Shitty Bill (NPC) : Sup Donald "Don" Glabs.
[16:52:46] SAY: Father Jack (NPC) : GIRLS!
[16:53:05] SAY: Shitty Bill (NPC) : I ever tell you 'bout the time I sold dope to that ice dude?
[16:54:01] SAY: Shitty Bill (NPC) : Man, I sure miss that lumpy station.
[16:54:06] SAY: Father Jack (NPC) : That would be an ecumenical matter.
[16:54:33] SAY: Father Jack (NPC) : DRINK!
[16:54:52] SAY: Shitty Bill (NPC) : Man, I sure don't miss my kids.
[16:56:25] SAY: Shitty Bill (NPC) : Got any smokes?
[16:57:30] SAY: Shitty Bill (NPC) : Nice name, clown.
[16:57:47] SAY: Shitty Bill (NPC) : I ever tell you 'bout the last day I saw my kids?
[16:58:11] SAY: Shitty Bill (NPC) : You a Synder?
[16:58:13] SAY: Shitty Bill (NPC) : Hey chump, gimme yer smokes.
[16:58:22] SAY: Father Jack (NPC) : ARSE!
[16:58:41] SAY: Shitty Bill (NPC) : Nice hogg, clown.
[16:58:45] SAY: Shitty Bill (NPC) : Hey chump, gimme yer high fives.
[16:59:53] SAY: Shitty Bill (NPC) : I think my homies got eaten.
[16:59:58] SAY: Shitty Bill (NPC) : You a Synder?
[17:00:03] SAY: Shitty Bill (NPC) : Howdy Donald "Don" Glabs.
[17:00:25] SAY: Shitty Bill (NPC) : I think my homebros stole my cat.
[17:00:35] SAY: Shitty Bill (NPC) : Hello Donald "Don" Glabs.
[17:00:42] SAY: Shitty Bill (NPC) : Got any blotters?
[17:02:55] SAY: Shitty Bill (NPC) : I ever tell you 'bout that room full of statues?


Starting up. 19:25.23
---------------------

[19:25:26] ADMIN: Loading jobban_rank
[19:25:26] ADMIN: Jobban_keylist was empty
[19:25:26] ADMIN: Updating jobbanfile!
[19:25:26] ADMIN: Loading oocban_rank
[19:25:26] ADMIN: oocban_keylist was empty
[19:25:26] ADMIN: Updating jobbanfile!
ADMIN: slurm = Host
ADMIN: gibbed = Host
ADMIN: stuntwaffle = Host
ADMIN: pantaloons = Host
ADMIN: darsant = Host
ADMIN: nannek = Host
ADMIN: Burten Muffigur = Admin
ADMIN: exadv1 = Coder
ADMIN: 0staf = Coder
ADMIN: justicefries = Coder
ADMIN: eroticdad = Coder
ADMIN: angriestibm = Coder
ADMIN: hobnob = Coder
ADMIN: enallyniv = Coder
ADMIN: lallander = Coder
ADMIN: keelin = Coder
ADMIN: brianoblivion = Coder
ADMIN: arthurmuggins = Coder
ADMIN: isaidno = Coder
ADMIN: mport2004 = Coder
ADMIN: burntcornmuffin = Coder
ADMIN: ishallriseagain = Coder
ADMIN: lljkmosheninkov = Coder
ADMIN: dropsy = Coder
ADMIN: procitizensa = Coder
ADMIN: drmelon = Coder
ADMIN: halerina = Coder
ADMIN: pacra = Coder
ADMIN: jackmassacre = Coder
ADMIN: jackbox = Coder
ADMIN: infinitemonkeys = Coder
ADMIN: aphtonites = Coder
ADMIN: volundr = Coder
ADMIN: wirewraith = Coder
ADMIN: tobba = Coder
ADMIN: marquesas = Coder
ADMIN: hainesa = Coder
ADMIN: tom = Coder
ADMIN: herrspyguy = Coder
ADMIN: daeren = Coder
ADMIN: conor12 = Coder
ADMIN: convair880 = Coder
[19:25:43] ACCESS: Login: Burten Muffigur from 127.0.0.1
