

Starting up. 18:31.02
---------------------

[18:31:05] ADMIN: Loading jobban_rank
[18:31:05] ADMIN: Jobban_keylist was empty
[18:31:05] ADMIN: Updating jobbanfile!
[18:31:05] ADMIN: Loading oocban_rank
[18:31:05] ADMIN: oocban_keylist was empty
[18:31:05] ADMIN: Updating jobbanfile!
ADMIN: slurm = Host
ADMIN: gibbed = Host
ADMIN: stuntwaffle = Host
ADMIN: pantaloons = Host
ADMIN: darsant = Host
ADMIN: nannek = Host
ADMIN: Burten Muffigur = Admin
ADMIN: exadv1 = Coder
ADMIN: 0staf = Coder
ADMIN: justicefries = Coder
ADMIN: eroticdad = Coder
ADMIN: angriestibm = Coder
ADMIN: hobnob = Coder
ADMIN: enallyniv = Coder
ADMIN: lallander = Coder
ADMIN: keelin = Coder
ADMIN: brianoblivion = Coder
ADMIN: arthurmuggins = Coder
ADMIN: isaidno = Coder
ADMIN: mport2004 = Coder
ADMIN: burntcornmuffin = Coder
ADMIN: ishallriseagain = Coder
ADMIN: lljkmosheninkov = Coder
ADMIN: dropsy = Coder
ADMIN: procitizensa = Coder
ADMIN: drmelon = Coder
ADMIN: halerina = Coder
ADMIN: pacra = Coder
ADMIN: jackmassacre = Coder
ADMIN: jackbox = Coder
ADMIN: infinitemonkeys = Coder
ADMIN: aphtonites = Coder
ADMIN: volundr = Coder
ADMIN: wirewraith = Coder
ADMIN: tobba = Coder
ADMIN: marquesas = Coder
ADMIN: hainesa = Coder
ADMIN: tom = Coder
ADMIN: herrspyguy = Coder
ADMIN: daeren = Coder
ADMIN: conor12 = Coder
ADMIN: convair880 = Coder
[18:31:21] ACCESS: Login: Burten Muffigur from 127.0.0.1
[18:34:21] ACCESS: Login: Hampus Candles (Burten Muffigur) [TRAITOR] from 127.0.0.1
[18:35:04] SAY: Shitty Bill (NPC) : Howdy Donald "Don" Glabs.
[18:35:25] SAY: Father Jack (NPC) : ARSE!
[18:35:48] SAY: Father Jack (NPC) : ARSE!
[18:38:39] SAY: Shitty Bill (NPC) : You rhyme?
[18:40:56] SAY: Shitty Bill (NPC) : What're you lookin' at, brud?
[18:42:11] SAY: Shitty Bill (NPC) : How's it goin' Father Jack.
[18:42:13] SAY: Shitty Bill (NPC) : Got any smokes?
[18:43:37] SAY: Father Jack (NPC) : FECK!
[18:43:44] SAY: Shitty Bill (NPC) : I ever tell you 'bout the time I made a rocket launcher?
[18:43:58] SAY: Shitty Bill (NPC) : Nice podd, spaceman.
[18:44:17] SAY: Shitty Bill (NPC) : Hello Father Jack.
[18:45:01] SAY: Shitty Bill (NPC) : Got any macho powder?
[18:45:13] ACCESS: Login: Hampus Candles (Burten Muffigur) [TRAITOR] [DEAD] from 127.0.0.1


Starting up. 18:46.48
---------------------

[18:46:51] ADMIN: Loading jobban_rank
[18:46:51] ADMIN: Jobban_keylist was empty
[18:46:51] ADMIN: Updating jobbanfile!
[18:46:51] ADMIN: Loading oocban_rank
[18:46:51] ADMIN: oocban_keylist was empty
[18:46:51] ADMIN: Updating jobbanfile!
ADMIN: slurm = Host
ADMIN: gibbed = Host
ADMIN: stuntwaffle = Host
ADMIN: pantaloons = Host
ADMIN: darsant = Host
ADMIN: nannek = Host
ADMIN: Burten Muffigur = Admin
ADMIN: exadv1 = Coder
ADMIN: 0staf = Coder
ADMIN: justicefries = Coder
ADMIN: eroticdad = Coder
ADMIN: angriestibm = Coder
ADMIN: hobnob = Coder
ADMIN: enallyniv = Coder
ADMIN: lallander = Coder
ADMIN: keelin = Coder
ADMIN: brianoblivion = Coder
ADMIN: arthurmuggins = Coder
ADMIN: isaidno = Coder
ADMIN: mport2004 = Coder
ADMIN: burntcornmuffin = Coder
ADMIN: ishallriseagain = Coder
ADMIN: lljkmosheninkov = Coder
ADMIN: dropsy = Coder
ADMIN: procitizensa = Coder
ADMIN: drmelon = Coder
ADMIN: halerina = Coder
ADMIN: pacra = Coder
ADMIN: jackmassacre = Coder
ADMIN: jackbox = Coder
ADMIN: infinitemonkeys = Coder
ADMIN: aphtonites = Coder
ADMIN: volundr = Coder
ADMIN: wirewraith = Coder
ADMIN: tobba = Coder
ADMIN: marquesas = Coder
ADMIN: hainesa = Coder
ADMIN: tom = Coder
ADMIN: herrspyguy = Coder
ADMIN: daeren = Coder
ADMIN: conor12 = Coder
ADMIN: convair880 = Coder
[18:47:05] ACCESS: Login: Burten Muffigur from 127.0.0.1
[18:50:05] ACCESS: Login: Hampus Candles (Burten Muffigur) [TRAITOR] from 127.0.0.1
[18:50:31] SAY: Shitty Bill (NPC) : I think my crew got eaten.
[18:50:54] SAY: Father Jack (NPC) : That would be an ecumenical matter.
[18:51:44] SAY: Shitty Bill (NPC) : You sting?
[18:52:21] SAY: Shitty Bill (NPC) : I ever tell you 'bout your grampa?
[18:52:58] SAY: Father Jack (NPC) : ARSE!
[18:53:19] SAY: Shitty Bill (NPC) : Man, I sure miss the Belt.
[18:53:26] SAY: Shitty Bill (NPC) : Got any stims?
[18:53:35] SAY: Shitty Bill (NPC) : Got any crank?
[18:54:23] SAY: Shitty Bill (NPC) : Man, I sure miss my ol' station.
[18:54:25] SAY: Father Jack (NPC) : DRINK!
[18:54:53] SAY: Father Jack (NPC) : GIRLS!
[18:55:02] SAY: Shitty Bill (NPC) : You a narc?
[18:55:07] SAY: Shitty Bill (NPC) : You a cop?
[18:56:12] SAY: Shitty Bill (NPC) : You rap?
[18:58:24] SAY: Shitty Bill (NPC) : I ever tell you 'bout your grampa?
[18:58:31] SAY: Shitty Bill (NPC) : You roll?
[19:00:30] SAY: Shitty Bill (NPC) : Man, I sure miss bein' an atmos tech.
[19:02:55] SAY: Shitty Bill (NPC) : You a dracula?
[19:03:26] SAY: Shitty Bill (NPC) : I ever tell you 'bout the time I made a rocket launcher?
[19:04:34] SAY: Shitty Bill (NPC) : Hey chump, gimme yer dosh.
[19:05:38] SAY: Shitty Bill (NPC) : Got a light, spaceman?
[19:05:42] SAY: Shitty Bill (NPC) : I ever tell you 'bout the time I found a crate fulla smokes?
[19:06:30] SAY: Shitty Bill (NPC) : Got a light, doofus?
[19:07:24] SAY: Shitty Bill (NPC) : Got a light, idiot?
[19:08:01] SAY: Shitty Bill (NPC) : Got any nog?
[19:08:13] SAY: Shitty Bill (NPC) : Yo, gimme yer hugs.
[19:08:32] SAY: Father Jack (NPC) : DRINK!
[19:08:58] SAY: Shitty Bill (NPC) : Got any smokes?
[19:09:21] SAY: Shitty Bill (NPC) : I think my bros stole my hat.
[19:10:17] SAY: Shitty Bill (NPC) : You drink?
[19:10:34] SAY: Shitty Bill (NPC) : Nice hogg, weirdo.
[19:10:39] SAY: Father Jack (NPC) : That would be an ecumenical matter.


Starting up. 20:45.07
---------------------

[20:45:09] ADMIN: Loading jobban_rank
[20:45:09] ADMIN: Jobban_keylist was empty
[20:45:09] ADMIN: Updating jobbanfile!
[20:45:09] ADMIN: Loading oocban_rank
[20:45:09] ADMIN: oocban_keylist was empty
[20:45:09] ADMIN: Updating jobbanfile!
ADMIN: slurm = Host
ADMIN: gibbed = Host
ADMIN: stuntwaffle = Host
ADMIN: pantaloons = Host
ADMIN: darsant = Host
ADMIN: nannek = Host
ADMIN: Burten Muffigur = Admin
ADMIN: exadv1 = Coder
ADMIN: 0staf = Coder
ADMIN: justicefries = Coder
ADMIN: eroticdad = Coder
ADMIN: angriestibm = Coder
ADMIN: hobnob = Coder
ADMIN: enallyniv = Coder
ADMIN: lallander = Coder
ADMIN: keelin = Coder
ADMIN: brianoblivion = Coder
ADMIN: arthurmuggins = Coder
ADMIN: isaidno = Coder
ADMIN: mport2004 = Coder
ADMIN: burntcornmuffin = Coder
ADMIN: ishallriseagain = Coder
ADMIN: lljkmosheninkov = Coder
ADMIN: dropsy = Coder
ADMIN: procitizensa = Coder
ADMIN: drmelon = Coder
ADMIN: halerina = Coder
ADMIN: pacra = Coder
ADMIN: jackmassacre = Coder
ADMIN: jackbox = Coder
ADMIN: infinitemonkeys = Coder
ADMIN: aphtonites = Coder
ADMIN: volundr = Coder
ADMIN: wirewraith = Coder
ADMIN: tobba = Coder
ADMIN: marquesas = Coder
ADMIN: hainesa = Coder
ADMIN: tom = Coder
ADMIN: herrspyguy = Coder
ADMIN: daeren = Coder
ADMIN: conor12 = Coder
ADMIN: convair880 = Coder
[20:45:25] ACCESS: Login: Burten Muffigur from 127.0.0.1
[20:48:25] ACCESS: Login: Hampus Candles (Burten Muffigur) [TRAITOR] from 127.0.0.1
[20:49:10] SAY: Shitty Bill (NPC) : Man, I sure don't miss Earth.


Starting up. 20:54.38
---------------------

[20:54:40] ADMIN: Loading jobban_rank
[20:54:40] ADMIN: Jobban_keylist was empty
[20:54:40] ADMIN: Updating jobbanfile!
[20:54:40] ADMIN: Loading oocban_rank
[20:54:40] ADMIN: oocban_keylist was empty
[20:54:40] ADMIN: Updating jobbanfile!
ADMIN: slurm = Host
ADMIN: gibbed = Host
ADMIN: stuntwaffle = Host
ADMIN: pantaloons = Host
ADMIN: darsant = Host
ADMIN: nannek = Host
ADMIN: Burten Muffigur = Admin
ADMIN: exadv1 = Coder
ADMIN: 0staf = Coder
ADMIN: justicefries = Coder
ADMIN: eroticdad = Coder
ADMIN: angriestibm = Coder
ADMIN: hobnob = Coder
ADMIN: enallyniv = Coder
ADMIN: lallander = Coder
ADMIN: keelin = Coder
ADMIN: brianoblivion = Coder
ADMIN: arthurmuggins = Coder
ADMIN: isaidno = Coder
ADMIN: mport2004 = Coder
ADMIN: burntcornmuffin = Coder
ADMIN: ishallriseagain = Coder
ADMIN: lljkmosheninkov = Coder
ADMIN: dropsy = Coder
ADMIN: procitizensa = Coder
ADMIN: drmelon = Coder
ADMIN: halerina = Coder
ADMIN: pacra = Coder
ADMIN: jackmassacre = Coder
ADMIN: jackbox = Coder
ADMIN: infinitemonkeys = Coder
ADMIN: aphtonites = Coder
ADMIN: volundr = Coder
ADMIN: wirewraith = Coder
ADMIN: tobba = Coder
ADMIN: marquesas = Coder
ADMIN: hainesa = Coder
ADMIN: tom = Coder
ADMIN: herrspyguy = Coder
ADMIN: daeren = Coder
ADMIN: conor12 = Coder
ADMIN: convair880 = Coder
[20:54:47] ACCESS: Login: Burten Muffigur from 127.0.0.1
[20:57:46] ACCESS: Login: Hampus Candles (Burten Muffigur) [TRAITOR] from 127.0.0.1
[20:58:06] SAY: Father Jack (NPC) : That would be an ecumenical matter.
[20:58:11] SAY: Shitty Bill (NPC) : I ever tell you 'bout the time I shaved a wizard?


Starting up. 21:07.56
---------------------

[21:07:58] ADMIN: Loading jobban_rank
[21:07:58] ADMIN: Jobban_keylist was empty
[21:07:58] ADMIN: Updating jobbanfile!
[21:07:58] ADMIN: Loading oocban_rank
[21:07:58] ADMIN: oocban_keylist was empty
[21:07:58] ADMIN: Updating jobbanfile!
ADMIN: slurm = Host
ADMIN: gibbed = Host
ADMIN: stuntwaffle = Host
ADMIN: pantaloons = Host
ADMIN: darsant = Host
ADMIN: nannek = Host
ADMIN: Burten Muffigur = Admin
ADMIN: exadv1 = Coder
ADMIN: 0staf = Coder
ADMIN: justicefries = Coder
ADMIN: eroticdad = Coder
ADMIN: angriestibm = Coder
ADMIN: hobnob = Coder
ADMIN: enallyniv = Coder
ADMIN: lallander = Coder
ADMIN: keelin = Coder
ADMIN: brianoblivion = Coder
ADMIN: arthurmuggins = Coder
ADMIN: isaidno = Coder
ADMIN: mport2004 = Coder
ADMIN: burntcornmuffin = Coder
ADMIN: ishallriseagain = Coder
ADMIN: lljkmosheninkov = Coder
ADMIN: dropsy = Coder
ADMIN: procitizensa = Coder
ADMIN: drmelon = Coder
ADMIN: halerina = Coder
ADMIN: pacra = Coder
ADMIN: jackmassacre = Coder
ADMIN: jackbox = Coder
ADMIN: infinitemonkeys = Coder
ADMIN: aphtonites = Coder
ADMIN: volundr = Coder
ADMIN: wirewraith = Coder
ADMIN: tobba = Coder
ADMIN: marquesas = Coder
ADMIN: hainesa = Coder
ADMIN: tom = Coder
ADMIN: herrspyguy = Coder
ADMIN: daeren = Coder
ADMIN: conor12 = Coder
ADMIN: convair880 = Coder
[21:08:05] ACCESS: Login: Burten Muffigur from 127.0.0.1
[21:11:04] ACCESS: Login: Hampus Candles (Burten Muffigur) [TRAITOR] from 127.0.0.1
[21:11:14] SAY: Shitty Bill (NPC) : I think my associates left without me.
[21:11:23] SAY: Father Jack (NPC) : DRINK!


Starting up. 21:17.22
---------------------

[21:17:25] ADMIN: Loading jobban_rank
[21:17:25] ADMIN: Jobban_keylist was empty
[21:17:25] ADMIN: Updating jobbanfile!
[21:17:25] ADMIN: Loading oocban_rank
[21:17:25] ADMIN: oocban_keylist was empty
[21:17:25] ADMIN: Updating jobbanfile!
ADMIN: slurm = Host
ADMIN: gibbed = Host
ADMIN: stuntwaffle = Host
ADMIN: pantaloons = Host
ADMIN: darsant = Host
ADMIN: nannek = Host
ADMIN: Burten Muffigur = Admin
ADMIN: exadv1 = Coder
ADMIN: 0staf = Coder
ADMIN: justicefries = Coder
ADMIN: eroticdad = Coder
ADMIN: angriestibm = Coder
ADMIN: hobnob = Coder
ADMIN: enallyniv = Coder
ADMIN: lallander = Coder
ADMIN: keelin = Coder
ADMIN: brianoblivion = Coder
ADMIN: arthurmuggins = Coder
ADMIN: isaidno = Coder
ADMIN: mport2004 = Coder
ADMIN: burntcornmuffin = Coder
ADMIN: ishallriseagain = Coder
ADMIN: lljkmosheninkov = Coder
ADMIN: dropsy = Coder
ADMIN: procitizensa = Coder
ADMIN: drmelon = Coder
ADMIN: halerina = Coder
ADMIN: pacra = Coder
ADMIN: jackmassacre = Coder
ADMIN: jackbox = Coder
ADMIN: infinitemonkeys = Coder
ADMIN: aphtonites = Coder
ADMIN: volundr = Coder
ADMIN: wirewraith = Coder
ADMIN: tobba = Coder
ADMIN: marquesas = Coder
ADMIN: hainesa = Coder
ADMIN: tom = Coder
ADMIN: herrspyguy = Coder
ADMIN: daeren = Coder
ADMIN: conor12 = Coder
ADMIN: convair880 = Coder
[21:17:32] ACCESS: Login: Burten Muffigur from 127.0.0.1
[21:20:31] ACCESS: Login: Hampus Candles (Burten Muffigur) [TRAITOR] from 127.0.0.1
[21:21:19] SAY: Shitty Bill (NPC) : Hello Donald "Don" Glabs.
[21:22:51] SAY: Shitty Bill (NPC) : What're you lookin' at, bro?
[21:23:08] SAY: Shitty Bill (NPC) : You a Russian?
[21:23:10] SAY: Father Jack (NPC) : That would be an ecumenical matter.
[21:23:17] SAY: Shitty Bill (NPC) : I think my buds took off.
[21:23:22] SAY: Shitty Bill (NPC) : Hey pal, gimme yer high fives.
[21:24:08] SAY: Father Jack (NPC) : FECK!
[21:24:20] SAY: Shitty Bill (NPC) : Got a light, doofus?
[21:24:41] SAY: Father Jack (NPC) : DRINK!
[21:25:05] SAY: Shitty Bill (NPC) : I think my bros got eaten.
[21:25:12] SAY: Shitty Bill (NPC) : You a Synder?
[21:25:38] SAY: Shitty Bill (NPC) : Nice karma, chump.
[21:27:42] SAY: Shitty Bill (NPC) : Got a light, dork?
[21:27:49] SAY: Shitty Bill (NPC) : Got a light, friend?
[21:27:49] SAY: Father Jack (NPC) : GIRLS!
[21:28:10] SAY: Shitty Bill (NPC) : You dance?


Starting up. 21:56.10
---------------------

[21:56:12] ADMIN: Loading jobban_rank
[21:56:12] ADMIN: Jobban_keylist was empty
[21:56:12] ADMIN: Updating jobbanfile!
[21:56:12] ADMIN: Loading oocban_rank
[21:56:12] ADMIN: oocban_keylist was empty
[21:56:12] ADMIN: Updating jobbanfile!
ADMIN: slurm = Host
ADMIN: gibbed = Host
ADMIN: stuntwaffle = Host
ADMIN: pantaloons = Host
ADMIN: darsant = Host
ADMIN: nannek = Host
ADMIN: Burten Muffigur = Admin
ADMIN: exadv1 = Coder
ADMIN: 0staf = Coder
ADMIN: justicefries = Coder
ADMIN: eroticdad = Coder
ADMIN: angriestibm = Coder
ADMIN: hobnob = Coder
ADMIN: enallyniv = Coder
ADMIN: lallander = Coder
ADMIN: keelin = Coder
ADMIN: brianoblivion = Coder
ADMIN: arthurmuggins = Coder
ADMIN: isaidno = Coder
ADMIN: mport2004 = Coder
ADMIN: burntcornmuffin = Coder
ADMIN: ishallriseagain = Coder
ADMIN: lljkmosheninkov = Coder
ADMIN: dropsy = Coder
ADMIN: procitizensa = Coder
ADMIN: drmelon = Coder
ADMIN: halerina = Coder
ADMIN: pacra = Coder
ADMIN: jackmassacre = Coder
ADMIN: jackbox = Coder
ADMIN: infinitemonkeys = Coder
ADMIN: aphtonites = Coder
ADMIN: volundr = Coder
ADMIN: wirewraith = Coder
ADMIN: tobba = Coder
ADMIN: marquesas = Coder
ADMIN: hainesa = Coder
ADMIN: tom = Coder
ADMIN: herrspyguy = Coder
ADMIN: daeren = Coder
ADMIN: conor12 = Coder
ADMIN: convair880 = Coder
[21:56:19] ACCESS: Login: Burten Muffigur from 127.0.0.1
[21:59:18] ACCESS: Login: Hampus Candles (Burten Muffigur) [TRAITOR] from 127.0.0.1
[21:59:19] SAY: Shitty Bill (NPC) : Got any beff?
[21:59:28] SAY: Shitty Bill (NPC) : Man, I sure don't miss that lumpy station.
[22:00:22] SAY: Father Jack (NPC) : DRINK!
[22:02:46] SAY: Shitty Bill (NPC) : Man, I sure don't miss bein' the Head Surgeon.
[22:03:46] SAY: Father Jack (NPC) : DRINK!
[22:04:52] SAY: Shitty Bill (NPC) : You jet?
[22:05:25] SAY: Father Jack (NPC) : That would be an ecumenical matter.
[22:05:55] SAY: Shitty Bill (NPC) : Got any salts?
[22:06:32] SAY: Shitty Bill (NPC) : You a cop?
[22:06:57] ACCESS: Login: Lord Ragu [DEAD] from 73.75.124.133
[22:07:03] ACCESS: Login: Jonathan Crow (Lord Ragu) from 73.75.124.133
[22:07:05] SAY: Shitty Bill (NPC) : Howdy Donald "Don" Glabs.
[22:07:33] SAY: Shitty Bill (NPC) : You ride?


Starting up. 22:15.01
---------------------

[22:15:03] ADMIN: Loading jobban_rank
[22:15:03] ADMIN: Jobban_keylist was empty
[22:15:03] ADMIN: Updating jobbanfile!
[22:15:03] ADMIN: Loading oocban_rank
[22:15:03] ADMIN: oocban_keylist was empty
[22:15:03] ADMIN: Updating jobbanfile!
ADMIN: slurm = Host
ADMIN: gibbed = Host
ADMIN: stuntwaffle = Host
ADMIN: pantaloons = Host
ADMIN: darsant = Host
ADMIN: nannek = Host
ADMIN: Burten Muffigur = Admin
ADMIN: exadv1 = Coder
ADMIN: 0staf = Coder
ADMIN: justicefries = Coder
ADMIN: eroticdad = Coder
ADMIN: angriestibm = Coder
ADMIN: hobnob = Coder
ADMIN: enallyniv = Coder
ADMIN: lallander = Coder
ADMIN: keelin = Coder
ADMIN: brianoblivion = Coder
ADMIN: arthurmuggins = Coder
ADMIN: isaidno = Coder
ADMIN: mport2004 = Coder
ADMIN: burntcornmuffin = Coder
ADMIN: ishallriseagain = Coder
ADMIN: lljkmosheninkov = Coder
ADMIN: dropsy = Coder
ADMIN: procitizensa = Coder
ADMIN: drmelon = Coder
ADMIN: halerina = Coder
ADMIN: pacra = Coder
ADMIN: jackmassacre = Coder
ADMIN: jackbox = Coder
ADMIN: infinitemonkeys = Coder
ADMIN: aphtonites = Coder
ADMIN: volundr = Coder
ADMIN: wirewraith = Coder
ADMIN: tobba = Coder
ADMIN: marquesas = Coder
ADMIN: hainesa = Coder
ADMIN: tom = Coder
ADMIN: herrspyguy = Coder
ADMIN: daeren = Coder
ADMIN: conor12 = Coder
ADMIN: convair880 = Coder
[22:15:11] ACCESS: Login: Burten Muffigur from 127.0.0.1
[22:15:57] ACCESS: Login: Lord Ragu from 73.75.124.133
[22:18:10] ACCESS: Login: Hampus Candles (Burten Muffigur) [TRAITOR] from 127.0.0.1
[22:18:10] ACCESS: Login: Jonathan Crow (Lord Ragu) from 73.75.124.133
[22:18:27] SAY: Shitty Bill (NPC) : You a miner?
[22:19:41] SAY: Shitty Bill (NPC) : Got a light, pal?
[22:21:07] ACCESS: Login: Hampus Candles (Burten Muffigur) [TRAITOR] [DEAD] from 127.0.0.1
[22:21:27] ACCESS: Login: Hampus Candles (Burten Muffigur) [TRAITOR] [DEAD] from 127.0.0.1
[22:21:33] ACCESS: Login: Hampus Candles (Burten Muffigur) [DEAD] from 127.0.0.1


Starting up. 22:29.26
---------------------

[22:29:28] ADMIN: Loading jobban_rank
[22:29:28] ADMIN: Jobban_keylist was empty
[22:29:28] ADMIN: Updating jobbanfile!
[22:29:28] ADMIN: Loading oocban_rank
[22:29:28] ADMIN: oocban_keylist was empty
[22:29:28] ADMIN: Updating jobbanfile!
ADMIN: slurm = Host
ADMIN: gibbed = Host
ADMIN: stuntwaffle = Host
ADMIN: pantaloons = Host
ADMIN: darsant = Host
ADMIN: nannek = Host
ADMIN: Burten Muffigur = Admin
ADMIN: exadv1 = Coder
ADMIN: 0staf = Coder
ADMIN: justicefries = Coder
ADMIN: eroticdad = Coder
ADMIN: angriestibm = Coder
ADMIN: hobnob = Coder
ADMIN: enallyniv = Coder
ADMIN: lallander = Coder
ADMIN: keelin = Coder
ADMIN: brianoblivion = Coder
ADMIN: arthurmuggins = Coder
ADMIN: isaidno = Coder
ADMIN: mport2004 = Coder
ADMIN: burntcornmuffin = Coder
ADMIN: ishallriseagain = Coder
ADMIN: lljkmosheninkov = Coder
ADMIN: dropsy = Coder
ADMIN: procitizensa = Coder
ADMIN: drmelon = Coder
ADMIN: halerina = Coder
ADMIN: pacra = Coder
ADMIN: jackmassacre = Coder
ADMIN: jackbox = Coder
ADMIN: infinitemonkeys = Coder
ADMIN: aphtonites = Coder
ADMIN: volundr = Coder
ADMIN: wirewraith = Coder
ADMIN: tobba = Coder
ADMIN: marquesas = Coder
ADMIN: hainesa = Coder
ADMIN: tom = Coder
ADMIN: herrspyguy = Coder
ADMIN: daeren = Coder
ADMIN: conor12 = Coder
ADMIN: convair880 = Coder
[22:29:36] ACCESS: Login: Burten Muffigur from 127.0.0.1
[22:31:44] ACCESS: Login: Lord Ragu from 73.75.124.133
[22:32:35] ACCESS: Login: Hampus Candles (Burten Muffigur) [TRAITOR] from 127.0.0.1
[22:32:35] ACCESS: Login: Jonathan Crow (Lord Ragu) from 73.75.124.133
[22:32:38] SAY: Shitty Bill (NPC) : I think my associates set me up.
[22:33:02] SAY: Father Jack (NPC) : DRINK!
[22:33:18] SAY: Shitty Bill (NPC) : What're you lookin' at, dweeb?
[22:34:22] SAY: Father Jack (NPC) : FECK!
[22:35:14] SAY: Father Jack (NPC) : FECK!
[22:35:42] SAY: Father Jack (NPC) : ARSE!
[22:36:41] SAY: Father Jack (NPC) : That would be an ecumenical matter.
[22:37:16] SAY: Shitty Bill (NPC) : Hey brud, gimme yer dosh.
[22:39:19] SAY: Father Jack (NPC) : GIRLS!
[22:39:28] SAY: Shitty Bill (NPC) : Hey buddy, gimme yer jet.
[22:39:31] SAY: Shitty Bill (NPC) : What the hell are you lookin' at, bro?
[22:39:45] SAY: Shitty Bill (NPC) : You smoke?
[22:40:24] SAY: Shitty Bill (NPC) : You a Russian?
[22:40:59] SAY: Shitty Bill (NPC) : Man, I sure miss my dad.
[22:41:15] SAY: Shitty Bill (NPC) : You a miner?
[22:42:08] SAY: Shitty Bill (NPC) : You dance?
[22:42:19] SAY: Father Jack (NPC) : ARSE!
[22:42:32] ACCESS: Login: Hampus Candles (Burten Muffigur) [TRAITOR] from 127.0.0.1
[22:43:27] SAY: Father Jack (NPC) : DRINK!
[22:43:36] SAY: Shitty Bill (NPC) : Got a light, wirehead?
[22:45:28] SAY: Father Jack (NPC) : ARSE!
[22:45:33] SAY: Shitty Bill (NPC) : Got a light, clown?
[22:45:42] SAY: Shitty Bill (NPC) : Got a light, bucko?
[22:46:51] SAY: Father Jack (NPC) : That would be an ecumenical matter.
[22:48:30] SAY: Father Jack (NPC) : That would be an ecumenical matter.
[22:48:32] SAY: Shitty Bill (NPC) : What're you lookin' at, dingus?
[22:48:34] SAY: Shitty Bill (NPC) : Man, I sure don't miss that long station.
[22:49:51] SAY: Father Jack (NPC) : FECK!
[22:50:03] SAY: Shitty Bill (NPC) : The hell're you lookin' at, wirehead?
[22:50:45] SAY: Shitty Bill (NPC) : Hey dweeb, gimme yer cash.
[22:51:01] SAY: Shitty Bill (NPC) : I think my pals stole my key.
[22:51:34] SAY: Father Jack (NPC) : FECK!
[22:51:49] SAY: Shitty Bill (NPC) : Got a light, chief?
[22:52:05] SAY: Shitty Bill (NPC) : Got a light, dork?
[22:52:58] SAY: Shitty Bill (NPC) : Nice ship, scrub.
[22:53:12] SAY: Shitty Bill (NPC) : I ever tell you 'bout that time I went spelunking?
[22:55:01] SAY: Shitty Bill (NPC) : Nice pod, Colonel.
[22:55:01] SAY: Father Jack (NPC) : ARSE!
[22:55:29] SAY: Shitty Bill (NPC) : Got any cats?
[22:55:57] SAY: Shitty Bill (NPC) : You ride?
[22:56:09] SAY: Father Jack (NPC) : ARSE!
